<?xml version="1.0" encoding="UTF-8" ?>
<testsuite failures="0" time="0.126" errors="1" skipped="0" tests="1" name="org.narl.hrms.visual.rest.SampleRESTJerseyTest">
  <properties>
[...]
</properties>
  <testcase time="0.126" classname="org.narl.hrms.visual.rest.SampleRESTJerseyTest" name="test">
    <error message="org.glassfish.jersey.server.ApplicationHandler.registerAdditionalBinders(Ljava/lang/Iterable;)V" type="java.lang.NoSuchMethodError">java.lang.NoSuchMethodError: org.glassfish.jersey.server.ApplicationHandler.registerAdditionalBinders(Ljava/lang/Iterable;)V
	at org.glassfish.jersey.jetty.JettyHttpContainer.&lt;init&gt;(JettyHttpContainer.java:433)
	at org.glassfish.jersey.jetty.JettyHttpContainerFactory.createServer(JettyHttpContainerFactory.java:180)
	at org.glassfish.jersey.test.jetty.JettyTestContainerFactory$JettyTestContainer.start(JettyTestContainerFactory.java:92)
	at org.glassfish.jersey.test.JerseyTest.setUp(JerseyTest.java:486)
	at sun.reflect.NativeMethodAccessorImpl.invoke0(Native Method)
	at sun.reflect.NativeMethodAccessorImpl.invoke(NativeMethodAccessorImpl.java:57)
	at sun.reflect.DelegatingMethodAccessorImpl.invoke(DelegatingMethodAccessorImpl.java:43)
	at java.lang.reflect.Method.invoke(Method.java:606)
	at org.junit.runners.model.FrameworkMethod$1.runReflectiveCall(FrameworkMethod.java:45)
	at org.junit.internal.runners.model.ReflectiveCallable.run(ReflectiveCallable.java:15)
	at org.junit.runners.model.FrameworkMethod.invokeExplosively(FrameworkMethod.java:42)
	at org.junit.internal.runners.statements.RunBefores.evaluate(RunBefores.java:27)
	at org.junit.internal.runners.statements.RunAfters.evaluate(RunAfters.java:30)
	at org.junit.runners.ParentRunner.runLeaf(ParentRunner.java:263)
	at org.junit.runners.BlockJUnit4ClassRunner.runChild(BlockJUnit4ClassRunner.java:68)
	at org.junit.runners.BlockJUnit4ClassRunner.runChild(BlockJUnit4ClassRunner.java:47)
	at org.junit.runners.ParentRunner$3.run(ParentRunner.java:231)
	at org.junit.runners.ParentRunner$1.schedule(ParentRunner.java:60)
	at org.junit.runners.ParentRunner.runChildren(ParentRunner.java:229)
	at org.junit.runners.ParentRunner.access$000(ParentRunner.java:50)
	at org.junit.runners.ParentRunner$2.evaluate(ParentRunner.java:222)
	at org.junit.runners.ParentRunner.run(ParentRunner.java:300)
	at org.apache.maven.surefire.junit4.JUnit4Provider.execute(JUnit4Provider.java:252)
	at org.apache.maven.surefire.junit4.JUnit4Provider.executeTestSet(JUnit4Provider.java:141)
	at org.apache.maven.surefire.junit4.JUnit4Provider.invoke(JUnit4Provider.java:112)
	at sun.reflect.NativeMethodAccessorImpl.invoke0(Native Method)
	at sun.reflect.NativeMethodAccessorImpl.invoke(NativeMethodAccessorImpl.java:57)
	at sun.reflect.DelegatingMethodAccessorImpl.invoke(DelegatingMethodAccessorImpl.java:43)
	at java.lang.reflect.Method.invoke(Method.java:606)
	at org.apache.maven.surefire.util.ReflectionUtils.invokeMethodWithArray(ReflectionUtils.java:189)
	at org.apache.maven.surefire.booter.ProviderFactory$ProviderProxy.invoke(ProviderFactory.java:165)
	at org.apache.maven.surefire.booter.ProviderFactory.invokeProvider(ProviderFactory.java:85)
	at org.apache.maven.surefire.booter.ForkedBooter.runSuitesInProcess(ForkedBooter.java:115)
	at org.apache.maven.surefire.booter.ForkedBooter.main(ForkedBooter.java:75)
</error>
    <system-out>16/03/15 17:26:51 INFO  [org.narl.hrms.visual.ApplicationConfig:17] - MyApplication started!.........................
16/03/15 17:26:53 DEBUG [org.springframework.core.env.MutablePropertySources:109] - Adding [systemProperties] PropertySource with lowest search precedence
16/03/15 17:26:53 DEBUG [org.springframework.core.env.MutablePropertySources:109] - Adding [systemEnvironment] PropertySource with lowest search precedence
16/03/15 17:26:53 DEBUG [org.springframework.core.env.AbstractEnvironment:127] - Initialized StandardEnvironment with PropertySources [systemProperties,systemEnvironment]
16/03/15 17:26:53 INFO  [org.springframework.context.support.AbstractApplicationContext:578] - Refreshing org.springframework.context.support.ClassPathXmlApplicationContext@41ce616c: startup date [Tue Mar 15 17:26:53 CST 2016]; root of context hierarchy
16/03/15 17:26:53 DEBUG [org.springframework.core.env.MutablePropertySources:109] - Adding [systemProperties] PropertySource with lowest search precedence
16/03/15 17:26:53 DEBUG [org.springframework.core.env.MutablePropertySources:109] - Adding [systemEnvironment] PropertySource with lowest search precedence
16/03/15 17:26:53 DEBUG [org.springframework.core.env.AbstractEnvironment:127] - Initialized StandardEnvironment with PropertySources [systemProperties,systemEnvironment]
16/03/15 17:26:53 INFO  [org.springframework.beans.factory.xml.XmlBeanDefinitionReader:317] - Loading XML bean definitions from class path resource [applicationContext.xml]
16/03/15 17:26:53 DEBUG [org.springframework.beans.factory.xml.DefaultDocumentLoader:73] - Using JAXP provider [com.sun.org.apache.xerces.internal.jaxp.DocumentBuilderFactoryImpl]
16/03/15 17:26:53 DEBUG [org.springframework.beans.factory.xml.PluggableSchemaResolver:141] - Loading schema mappings from [META-INF/spring.schemas]
16/03/15 17:26:53 DEBUG [org.springframework.beans.factory.xml.PluggableSchemaResolver:147] - Loaded schema mappings: {http://www.springframework.org/schema/tx/spring-tx-2.5.xsd=org/springframework/transaction/config/spring-tx-2.5.xsd, http://www.springframework.org/schema/cache/spring-cache-4.2.xsd=org/springframework/cache/config/spring-cache-4.2.xsd, http://www.springframework.org/schema/aop/spring-aop-4.1.xsd=org/springframework/aop/config/spring-aop-4.1.xsd, http://www.springframework.org/schema/context/spring-context-3.1.xsd=org/springframework/context/config/spring-context-3.1.xsd, http://www.springframework.org/schema/jdbc/spring-jdbc-4.1.xsd=org/springframework/jdbc/config/spring-jdbc-4.1.xsd, http://www.springframework.org/schema/util/spring-util-3.0.xsd=org/springframework/beans/factory/xml/spring-util-3.0.xsd, http://www.springframework.org/schema/security/spring-security-3.0.3.xsd=org/springframework/security/config/spring-security-3.0.3.xsd, http://www.springframework.org/schema/security/spring-security-2.0.1.xsd=org/springframework/security/config/spring-security-2.0.1.xsd, http://www.springframework.org/schema/tool/spring-tool.xsd=org/springframework/beans/factory/xml/spring-tool-4.2.xsd, http://www.springframework.org/schema/aop/spring-aop-3.2.xsd=org/springframework/aop/config/spring-aop-3.2.xsd, http://www.springframework.org/schema/lang/spring-lang-4.1.xsd=org/springframework/scripting/config/spring-lang-4.1.xsd, http://www.springframework.org/schema/context/spring-context-4.0.xsd=org/springframework/context/config/spring-context-4.0.xsd, http://www.springframework.org/schema/beans/spring-beans-4.2.xsd=org/springframework/beans/factory/xml/spring-beans-4.2.xsd, http://www.springframework.org/schema/tool/spring-tool-4.1.xsd=org/springframework/beans/factory/xml/spring-tool-4.1.xsd, http://www.springframework.org/schema/lang/spring-lang-3.2.xsd=org/springframework/scripting/config/spring-lang-3.2.xsd, http://www.springframework.org/schema/cache/spring-cache-3.2.xsd=org/springframework/cache/config/spring-cache-3.2.xsd, http://www.springframework.org/schema/jee/spring-jee-4.1.xsd=org/springframework/ejb/config/spring-jee-4.1.xsd, http://www.springframework.org/schema/jdbc/spring-jdbc-3.1.xsd=org/springframework/jdbc/config/spring-jdbc-3.1.xsd, http://www.springframework.org/schema/util/spring-util-2.0.xsd=org/springframework/beans/factory/xml/spring-util-2.0.xsd, http://www.springframework.org/schema/task/spring-task-4.2.xsd=org/springframework/scheduling/config/spring-task-4.2.xsd, http://www.springframework.org/schema/tool/spring-tool-3.2.xsd=org/springframework/beans/factory/xml/spring-tool-3.2.xsd, http://www.springframework.org/schema/context/spring-context.xsd=org/springframework/context/config/spring-context-4.2.xsd, http://www.springframework.org/schema/tx/spring-tx-4.2.xsd=org/springframework/transaction/config/spring-tx-4.2.xsd, http://www.springframework.org/schema/cache/spring-cache-4.1.xsd=org/springframework/cache/config/spring-cache-4.1.xsd, http://www.springframework.org/schema/aop/spring-aop-4.0.xsd=org/springframework/aop/config/spring-aop-4.0.xsd, http://www.springframework.org/schema/security/spring-security-2.0.xsd=org/springframework/security/config/spring-security-2.0.xsd, http://www.springframework.org/schema/jee/spring-jee-3.2.xsd=org/springframework/ejb/config/spring-jee-3.2.xsd, http://www.springframework.org/schema/context/spring-context-3.0.xsd=org/springframework/context/config/spring-context-3.0.xsd, http://www.springframework.org/schema/jdbc/spring-jdbc-4.0.xsd=org/springframework/jdbc/config/spring-jdbc-4.0.xsd, http://www.springframework.org/schema/util/spring-util-2.5.xsd=org/springframework/beans/factory/xml/spring-util-2.5.xsd, http://www.springframework.org/schema/beans/spring-beans-3.2.xsd=org/springframework/beans/factory/xml/spring-beans-3.2.xsd, http://www.springframework.org/schema/aop/spring-aop-3.1.xsd=org/springframework/aop/config/spring-aop-3.1.xsd, http://www.springframework.org/schema/lang/spring-lang-4.0.xsd=org/springframework/scripting/config/spring-lang-4.0.xsd, http://www.springframework.org/schema/beans/spring-beans-4.1.xsd=org/springframework/beans/factory/xml/spring-beans-4.1.xsd, http://www.springframework.org/schema/tool/spring-tool-4.0.xsd=org/springframework/beans/factory/xml/spring-tool-4.0.xsd, http://www.springframework.org/schema/tx/spring-tx-3.2.xsd=org/springframework/transaction/config/spring-tx-3.2.xsd, http://www.springframework.org/schema/lang/spring-lang-3.1.xsd=org/springframework/scripting/config/spring-lang-3.1.xsd, http://www.springframework.org/schema/cache/spring-cache-3.1.xsd=org/springframework/cache/config/spring-cache-3.1.xsd, http://www.springframework.org/schema/jee/spring-jee-4.0.xsd=org/springframework/ejb/config/spring-jee-4.0.xsd, http://www.springframework.org/schema/jdbc/spring-jdbc-3.0.xsd=org/springframework/jdbc/config/spring-jdbc-3.0.xsd, http://www.springframework.org/schema/task/spring-task-4.1.xsd=org/springframework/scheduling/config/spring-task-4.1.xsd, http://www.springframework.org/schema/jdbc/spring-jdbc.xsd=org/springframework/jdbc/config/spring-jdbc-4.2.xsd, http://www.springframework.org/schema/tool/spring-tool-3.1.xsd=org/springframework/beans/factory/xml/spring-tool-3.1.xsd, http://www.springframework.org/schema/tx/spring-tx-4.1.xsd=org/springframework/transaction/config/spring-tx-4.1.xsd, http://www.springframework.org/schema/cache/spring-cache-4.0.xsd=org/springframework/cache/config/spring-cache-4.0.xsd, http://www.springframework.org/schema/jee/spring-jee-3.1.xsd=org/springframework/ejb/config/spring-jee-3.1.xsd, http://www.springframework.org/schema/util/spring-util-4.2.xsd=org/springframework/beans/factory/xml/spring-util-4.2.xsd, http://www.springframework.org/schema/task/spring-task-3.2.xsd=org/springframework/scheduling/config/spring-task-3.2.xsd, http://www.springframework.org/schema/beans/spring-beans-3.1.xsd=org/springframework/beans/factory/xml/spring-beans-3.1.xsd, http://www.springframework.org/schema/util/spring-util.xsd=org/springframework/beans/factory/xml/spring-util-4.2.xsd, http://www.springframework.org/schema/aop/spring-aop-3.0.xsd=org/springframework/aop/config/spring-aop-3.0.xsd, http://www.springframework.org/schema/beans/spring-beans-4.0.xsd=org/springframework/beans/factory/xml/spring-beans-4.0.xsd, http://www.springframework.org/schema/beans/spring-beans.xsd=org/springframework/beans/factory/xml/spring-beans-4.2.xsd, http://www.springframework.org/schema/security/spring-security-2.0.4.xsd=org/springframework/security/config/spring-security-2.0.4.xsd, http://www.springframework.org/schema/tx/spring-tx-3.1.xsd=org/springframework/transaction/config/spring-tx-3.1.xsd, http://www.springframework.org/schema/lang/spring-lang-3.0.xsd=org/springframework/scripting/config/spring-lang-3.0.xsd, http://www.springframework.org/schema/context/spring-context-2.5.xsd=org/springframework/context/config/spring-context-2.5.xsd, http://www.springframework.org/schema/task/spring-task-4.0.xsd=org/springframework/scheduling/config/spring-task-4.0.xsd, http://www.springframework.org/schema/tool/spring-tool-3.0.xsd=org/springframework/beans/factory/xml/spring-tool-3.0.xsd, http://www.springframework.org/schema/tx/spring-tx-4.0.xsd=org/springframework/transaction/config/spring-tx-4.0.xsd, http://www.springframework.org/schema/aop/spring-aop-2.0.xsd=org/springframework/aop/config/spring-aop-2.0.xsd, http://www.springframework.org/schema/security/spring-security-3.2.xsd=org/springframework/security/config/spring-security-3.2.xsd, http://www.springframework.org/schema/jee/spring-jee-3.0.xsd=org/springframework/ejb/config/spring-jee-3.0.xsd, http://www.springframework.org/schema/util/spring-util-4.1.xsd=org/springframework/beans/factory/xml/spring-util-4.1.xsd, http://www.springframework.org/schema/task/spring-task-3.1.xsd=org/springframework/scheduling/config/spring-task-3.1.xsd, http://www.springframework.org/schema/beans/spring-beans-3.0.xsd=org/springframework/beans/factory/xml/spring-beans-3.0.xsd, http://www.springframework.org/schema/jee/spring-jee.xsd=org/springframework/ejb/config/spring-jee-4.2.xsd, http://www.springframework.org/schema/aop/spring-aop-2.5.xsd=org/springframework/aop/config/spring-aop-2.5.xsd, http://www.springframework.org/schema/lang/spring-lang-2.0.xsd=org/springframework/scripting/config/spring-lang-2.0.xsd, http://www.springframework.org/schema/util/spring-util-3.2.xsd=org/springframework/beans/factory/xml/spring-util-3.2.xsd, http://www.springframework.org/schema/task/spring-task.xsd=org/springframework/scheduling/config/spring-task-4.2.xsd, http://www.springframework.org/schema/tool/spring-tool-2.0.xsd=org/springframework/beans/factory/xml/spring-tool-2.0.xsd, http://www.springframework.org/schema/tx/spring-tx-3.0.xsd=org/springframework/transaction/config/spring-tx-3.0.xsd, http://www.springframework.org/schema/lang/spring-lang-2.5.xsd=org/springframework/scripting/config/spring-lang-2.5.xsd, http://www.springframework.org/schema/context/spring-context-4.2.xsd=org/springframework/context/config/spring-context-4.2.xsd, http://www.springframework.org/schema/jee/spring-jee-2.0.xsd=org/springframework/ejb/config/spring-jee-2.0.xsd, http://www.springframework.org/schema/tool/spring-tool-2.5.xsd=org/springframework/beans/factory/xml/spring-tool-2.5.xsd, http://www.springframework.org/schema/security/spring-security-3.1.xsd=org/springframework/security/config/spring-security-3.1.xsd, http://www.springframework.org/schema/jee/spring-jee-2.5.xsd=org/springframework/ejb/config/spring-jee-2.5.xsd, http://www.springframework.org/schema/util/spring-util-4.0.xsd=org/springframework/beans/factory/xml/spring-util-4.0.xsd, http://www.springframework.org/schema/task/spring-task-3.0.xsd=org/springframework/scheduling/config/spring-task-3.0.xsd, http://www.springframework.org/schema/aop/spring-aop-4.2.xsd=org/springframework/aop/config/spring-aop-4.2.xsd, http://www.springframework.org/schema/security/spring-security-4.0.xsd=org/springframework/security/config/spring-security-4.0.xsd, http://www.springframework.org/schema/lang/spring-lang.xsd=org/springframework/scripting/config/spring-lang-4.2.xsd, http://www.springframework.org/schema/context/spring-context-3.2.xsd=org/springframework/context/config/spring-context-3.2.xsd, http://www.springframework.org/schema/jdbc/spring-jdbc-4.2.xsd=org/springframework/jdbc/config/spring-jdbc-4.2.xsd, http://www.springframework.org/schema/util/spring-util-3.1.xsd=org/springframework/beans/factory/xml/spring-util-3.1.xsd, http://www.springframework.org/schema/beans/spring-beans-2.0.xsd=org/springframework/beans/factory/xml/spring-beans-2.0.xsd, http://www.springframework.org/schema/cache/spring-cache.xsd=org/springframework/cache/config/spring-cache-4.2.xsd, http://www.springframework.org/schema/tx/spring-tx.xsd=org/springframework/transaction/config/spring-tx-4.2.xsd, http://www.springframework.org/schema/security/spring-security-2.0.2.xsd=org/springframework/security/config/spring-security-2.0.2.xsd, http://www.springframework.org/schema/lang/spring-lang-4.2.xsd=org/springframework/scripting/config/spring-lang-4.2.xsd, http://www.springframework.org/schema/context/spring-context-4.1.xsd=org/springframework/context/config/spring-context-4.1.xsd, http://www.springframework.org/schema/beans/spring-beans-2.5.xsd=org/springframework/beans/factory/xml/spring-beans-2.5.xsd, http://www.springframework.org/schema/tool/spring-tool-4.2.xsd=org/springframework/beans/factory/xml/spring-tool-4.2.xsd, http://www.springframework.org/schema/tx/spring-tx-2.0.xsd=org/springframework/transaction/config/spring-tx-2.0.xsd, http://www.springframework.org/schema/security/spring-security.xsd=org/springframework/security/config/spring-security-4.0.xsd, http://www.springframework.org/schema/security/spring-security-3.0.xsd=org/springframework/security/config/spring-security-3.0.xsd, http://www.springframework.org/schema/jee/spring-jee-4.2.xsd=org/springframework/ejb/config/spring-jee-4.2.xsd, http://www.springframework.org/schema/jdbc/spring-jdbc-3.2.xsd=org/springframework/jdbc/config/spring-jdbc-3.2.xsd, http://www.springframework.org/schema/aop/spring-aop.xsd=org/springframework/aop/config/spring-aop-4.2.xsd}
16/03/15 17:26:53 DEBUG [org.springframework.beans.factory.xml.PluggableSchemaResolver:119] - Found XML schema [http://www.springframework.org/schema/beans/spring-beans-4.2.xsd] in classpath: org/springframework/beans/factory/xml/spring-beans-4.2.xsd
16/03/15 17:26:53 DEBUG [org.springframework.beans.factory.xml.PluggableSchemaResolver:119] - Found XML schema [http://www.springframework.org/schema/context/spring-context-4.2.xsd] in classpath: org/springframework/context/config/spring-context-4.2.xsd
16/03/15 17:26:53 DEBUG [org.springframework.beans.factory.xml.PluggableSchemaResolver:119] - Found XML schema [http://www.springframework.org/schema/tool/spring-tool-4.2.xsd] in classpath: org/springframework/beans/factory/xml/spring-tool-4.2.xsd
16/03/15 17:26:53 DEBUG [org.springframework.beans.factory.xml.PluggableSchemaResolver:119] - Found XML schema [http://www.springframework.org/schema/tx/spring-tx-4.2.xsd] in classpath: org/springframework/transaction/config/spring-tx-4.2.xsd
16/03/15 17:26:53 DEBUG [org.springframework.beans.factory.xml.DefaultBeanDefinitionDocumentReader:92] - Loading bean definitions
16/03/15 17:26:53 DEBUG [org.springframework.beans.factory.xml.DefaultNamespaceHandlerResolver:157] - Loaded NamespaceHandler mappings: {http://www.springframework.org/schema/p=org.springframework.beans.factory.xml.SimplePropertyNamespaceHandler, http://www.springframework.org/schema/util=org.springframework.beans.factory.xml.UtilNamespaceHandler, http://www.springframework.org/schema/jee=org.springframework.ejb.config.JeeNamespaceHandler, http://www.springframework.org/schema/aop=org.springframework.aop.config.AopNamespaceHandler, http://www.springframework.org/schema/jdbc=org.springframework.jdbc.config.JdbcNamespaceHandler, http://www.springframework.org/schema/cache=org.springframework.cache.config.CacheNamespaceHandler, http://www.springframework.org/schema/c=org.springframework.beans.factory.xml.SimpleConstructorNamespaceHandler, http://www.springframework.org/schema/security=org.springframework.security.config.SecurityNamespaceHandler, http://www.springframework.org/schema/tx=org.springframework.transaction.config.TxNamespaceHandler, http://www.springframework.org/schema/task=org.springframework.scheduling.config.TaskNamespaceHandler, http://www.springframework.org/schema/lang=org.springframework.scripting.config.LangNamespaceHandler, http://www.springframework.org/schema/context=org.springframework.context.config.ContextNamespaceHandler}
16/03/15 17:26:53 DEBUG [org.springframework.core.env.MutablePropertySources:109] - Adding [systemProperties] PropertySource with lowest search precedence
16/03/15 17:26:53 DEBUG [org.springframework.core.env.MutablePropertySources:109] - Adding [systemEnvironment] PropertySource with lowest search precedence
16/03/15 17:26:53 DEBUG [org.springframework.core.env.AbstractEnvironment:127] - Initialized StandardEnvironment with PropertySources [systemProperties,systemEnvironment]
16/03/15 17:26:53 DEBUG [org.springframework.context.annotation.ClassPathScanningCandidateComponentProvider:244] - JSR-250 &apos;javax.annotation.ManagedBean&apos; found and supported for component scanning
16/03/15 17:26:53 DEBUG [org.springframework.context.annotation.ClassPathScanningCandidateComponentProvider:252] - JSR-330 &apos;javax.inject.Named&apos; annotation found and supported for component scanning
16/03/15 17:26:53 DEBUG [org.springframework.core.io.support.PathMatchingResourcePatternResolver:312] - Resolved classpath location [org/narl/] to resources [URL [file:/E:/MyWorkingArea/JavaCodingTool/eclipseMars_workspace/VisualizationRS/target/test-classes/org/narl/], URL [file:/E:/MyWorkingArea/JavaCodingTool/eclipseMars_workspace/VisualizationRS/target/classes/org/narl/]]
16/03/15 17:26:53 DEBUG [org.springframework.core.io.support.PathMatchingResourcePatternResolver:637] - Looking for matching resources in directory tree [E:\MyWorkingArea\JavaCodingTool\eclipseMars_workspace\VisualizationRS\target\test-classes\org\narl]
16/03/15 17:26:53 DEBUG [org.springframework.core.io.support.PathMatchingResourcePatternResolver:699] - Searching directory [E:\MyWorkingArea\JavaCodingTool\eclipseMars_workspace\VisualizationRS\target\test-classes\org\narl] for files matching pattern [E:/MyWorkingArea/JavaCodingTool/eclipseMars_workspace/VisualizationRS/target/test-classes/org/narl/*/**/*.class]
16/03/15 17:26:53 DEBUG [org.springframework.core.io.support.PathMatchingResourcePatternResolver:699] - Searching directory [E:\MyWorkingArea\JavaCodingTool\eclipseMars_workspace\VisualizationRS\target\test-classes\org\narl\hrms] for files matching pattern [E:/MyWorkingArea/JavaCodingTool/eclipseMars_workspace/VisualizationRS/target/test-classes/org/narl/*/**/*.class]
16/03/15 17:26:53 DEBUG [org.springframework.core.io.support.PathMatchingResourcePatternResolver:699] - Searching directory [E:\MyWorkingArea\JavaCodingTool\eclipseMars_workspace\VisualizationRS\target\test-classes\org\narl\hrms\visual] for files matching pattern [E:/MyWorkingArea/JavaCodingTool/eclipseMars_workspace/VisualizationRS/target/test-classes/org/narl/*/**/*.class]
16/03/15 17:26:53 DEBUG [org.springframework.core.io.support.PathMatchingResourcePatternResolver:699] - Searching directory [E:\MyWorkingArea\JavaCodingTool\eclipseMars_workspace\VisualizationRS\target\test-classes\org\narl\hrms\visual\action] for files matching pattern [E:/MyWorkingArea/JavaCodingTool/eclipseMars_workspace/VisualizationRS/target/test-classes/org/narl/*/**/*.class]
16/03/15 17:26:53 DEBUG [org.springframework.core.io.support.PathMatchingResourcePatternResolver:699] - Searching directory [E:\MyWorkingArea\JavaCodingTool\eclipseMars_workspace\VisualizationRS\target\test-classes\org\narl\hrms\visual\base] for files matching pattern [E:/MyWorkingArea/JavaCodingTool/eclipseMars_workspace/VisualizationRS/target/test-classes/org/narl/*/**/*.class]
16/03/15 17:26:53 DEBUG [org.springframework.core.io.support.PathMatchingResourcePatternResolver:699] - Searching directory [E:\MyWorkingArea\JavaCodingTool\eclipseMars_workspace\VisualizationRS\target\test-classes\org\narl\hrms\visual\dao] for files matching pattern [E:/MyWorkingArea/JavaCodingTool/eclipseMars_workspace/VisualizationRS/target/test-classes/org/narl/*/**/*.class]
16/03/15 17:26:53 DEBUG [org.springframework.core.io.support.PathMatchingResourcePatternResolver:699] - Searching directory [E:\MyWorkingArea\JavaCodingTool\eclipseMars_workspace\VisualizationRS\target\test-classes\org\narl\hrms\visual\rest] for files matching pattern [E:/MyWorkingArea/JavaCodingTool/eclipseMars_workspace/VisualizationRS/target/test-classes/org/narl/*/**/*.class]
16/03/15 17:26:53 DEBUG [org.springframework.core.io.support.PathMatchingResourcePatternResolver:699] - Searching directory [E:\MyWorkingArea\JavaCodingTool\eclipseMars_workspace\VisualizationRS\target\test-classes\org\narl\hrms\visual\service] for files matching pattern [E:/MyWorkingArea/JavaCodingTool/eclipseMars_workspace/VisualizationRS/target/test-classes/org/narl/*/**/*.class]
16/03/15 17:26:53 DEBUG [org.springframework.core.io.support.PathMatchingResourcePatternResolver:637] - Looking for matching resources in directory tree [E:\MyWorkingArea\JavaCodingTool\eclipseMars_workspace\VisualizationRS\target\classes\org\narl]
16/03/15 17:26:53 DEBUG [org.springframework.core.io.support.PathMatchingResourcePatternResolver:699] - Searching directory [E:\MyWorkingArea\JavaCodingTool\eclipseMars_workspace\VisualizationRS\target\classes\org\narl] for files matching pattern [E:/MyWorkingArea/JavaCodingTool/eclipseMars_workspace/VisualizationRS/target/classes/org/narl/*/**/*.class]
16/03/15 17:26:53 DEBUG [org.springframework.core.io.support.PathMatchingResourcePatternResolver:699] - Searching directory [E:\MyWorkingArea\JavaCodingTool\eclipseMars_workspace\VisualizationRS\target\classes\org\narl\hrms] for files matching pattern [E:/MyWorkingArea/JavaCodingTool/eclipseMars_workspace/VisualizationRS/target/classes/org/narl/*/**/*.class]
16/03/15 17:26:53 DEBUG [org.springframework.core.io.support.PathMatchingResourcePatternResolver:699] - Searching directory [E:\MyWorkingArea\JavaCodingTool\eclipseMars_workspace\VisualizationRS\target\classes\org\narl\hrms\visual] for files matching pattern [E:/MyWorkingArea/JavaCodingTool/eclipseMars_workspace/VisualizationRS/target/classes/org/narl/*/**/*.class]
16/03/15 17:26:53 DEBUG [org.springframework.core.io.support.PathMatchingResourcePatternResolver:699] - Searching directory [E:\MyWorkingArea\JavaCodingTool\eclipseMars_workspace\VisualizationRS\target\classes\org\narl\hrms\visual\action] for files matching pattern [E:/MyWorkingArea/JavaCodingTool/eclipseMars_workspace/VisualizationRS/target/classes/org/narl/*/**/*.class]
16/03/15 17:26:53 DEBUG [org.springframework.core.io.support.PathMatchingResourcePatternResolver:699] - Searching directory [E:\MyWorkingArea\JavaCodingTool\eclipseMars_workspace\VisualizationRS\target\classes\org\narl\hrms\visual\dao] for files matching pattern [E:/MyWorkingArea/JavaCodingTool/eclipseMars_workspace/VisualizationRS/target/classes/org/narl/*/**/*.class]
16/03/15 17:26:53 DEBUG [org.springframework.core.io.support.PathMatchingResourcePatternResolver:699] - Searching directory [E:\MyWorkingArea\JavaCodingTool\eclipseMars_workspace\VisualizationRS\target\classes\org\narl\hrms\visual\rest] for files matching pattern [E:/MyWorkingArea/JavaCodingTool/eclipseMars_workspace/VisualizationRS/target/classes/org/narl/*/**/*.class]
16/03/15 17:26:53 DEBUG [org.springframework.core.io.support.PathMatchingResourcePatternResolver:699] - Searching directory [E:\MyWorkingArea\JavaCodingTool\eclipseMars_workspace\VisualizationRS\target\classes\org\narl\hrms\visual\service] for files matching pattern [E:/MyWorkingArea/JavaCodingTool/eclipseMars_workspace/VisualizationRS/target/classes/org/narl/*/**/*.class]
16/03/15 17:26:53 DEBUG [org.springframework.core.io.support.PathMatchingResourcePatternResolver:699] - Searching directory [E:\MyWorkingArea\JavaCodingTool\eclipseMars_workspace\VisualizationRS\target\classes\org\narl\hrms\visual\service\impl] for files matching pattern [E:/MyWorkingArea/JavaCodingTool/eclipseMars_workspace/VisualizationRS/target/classes/org/narl/*/**/*.class]
16/03/15 17:26:53 DEBUG [org.springframework.core.io.support.PathMatchingResourcePatternResolver:699] - Searching directory [E:\MyWorkingArea\JavaCodingTool\eclipseMars_workspace\VisualizationRS\target\classes\org\narl\hrms\visual\vo] for files matching pattern [E:/MyWorkingArea/JavaCodingTool/eclipseMars_workspace/VisualizationRS/target/classes/org/narl/*/**/*.class]
16/03/15 17:26:53 DEBUG [org.springframework.core.io.support.PathMatchingResourcePatternResolver:430] - Resolved location pattern [classpath*:org/narl/*/**/*.class] to resources [file [E:\MyWorkingArea\JavaCodingTool\eclipseMars_workspace\VisualizationRS\target\test-classes\org\narl\hrms\visual\base\BaseTestCase.class], file [E:\MyWorkingArea\JavaCodingTool\eclipseMars_workspace\VisualizationRS\target\test-classes\org\narl\hrms\visual\rest\SampleRESTJerseyTest.class], file [E:\MyWorkingArea\JavaCodingTool\eclipseMars_workspace\VisualizationRS\target\test-classes\org\narl\hrms\visual\rest\SampleServiceTestCase.class], file [E:\MyWorkingArea\JavaCodingTool\eclipseMars_workspace\VisualizationRS\target\classes\org\narl\hrms\visual\ApplicationConfig.class], file [E:\MyWorkingArea\JavaCodingTool\eclipseMars_workspace\VisualizationRS\target\classes\org\narl\hrms\visual\rest\SampleService.class], file [E:\MyWorkingArea\JavaCodingTool\eclipseMars_workspace\VisualizationRS\target\classes\org\narl\hrms\visual\service\impl\TestServiceImpl.class], file [E:\MyWorkingArea\JavaCodingTool\eclipseMars_workspace\VisualizationRS\target\classes\org\narl\hrms\visual\service\TestService.class]]
16/03/15 17:26:54 DEBUG [org.springframework.context.annotation.ClassPathScanningCandidateComponentProvider:286] - Identified candidate component class: file [E:\MyWorkingArea\JavaCodingTool\eclipseMars_workspace\VisualizationRS\target\test-classes\org\narl\hrms\visual\base\BaseTestCase.class]
16/03/15 17:26:54 DEBUG [org.springframework.context.annotation.ClassPathScanningCandidateComponentProvider:286] - Identified candidate component class: file [E:\MyWorkingArea\JavaCodingTool\eclipseMars_workspace\VisualizationRS\target\classes\org\narl\hrms\visual\service\impl\TestServiceImpl.class]
16/03/15 17:26:54 DEBUG [org.springframework.beans.factory.support.AbstractBeanDefinitionReader:224] - Loaded 13 bean definitions from location pattern [applicationContext.xml]
16/03/15 17:26:54 INFO  [org.springframework.beans.factory.xml.XmlBeanDefinitionReader:317] - Loading XML bean definitions from class path resource [jersey-spring-applicationContext.xml]
16/03/15 17:26:54 DEBUG [org.springframework.beans.factory.xml.DefaultDocumentLoader:73] - Using JAXP provider [com.sun.org.apache.xerces.internal.jaxp.DocumentBuilderFactoryImpl]
16/03/15 17:26:54 DEBUG [org.springframework.beans.factory.xml.PluggableSchemaResolver:119] - Found XML schema [http://www.springframework.org/schema/beans/spring-beans.xsd] in classpath: org/springframework/beans/factory/xml/spring-beans-4.2.xsd
16/03/15 17:26:54 DEBUG [org.springframework.beans.factory.xml.DefaultBeanDefinitionDocumentReader:92] - Loading bean definitions
16/03/15 17:26:54 DEBUG [org.springframework.beans.factory.xml.BeanDefinitionParserDelegate:481] - Neither XML &apos;id&apos; nor &apos;name&apos; specified - using generated bean name [org.springframework.web.context.request.RequestScope#2d0e0f04]
16/03/15 17:26:54 DEBUG [org.springframework.beans.factory.xml.BeanDefinitionParserDelegate:481] - Neither XML &apos;id&apos; nor &apos;name&apos; specified - using generated bean name [org.springframework.beans.factory.config.CustomScopeConfigurer#0]
16/03/15 17:26:54 DEBUG [org.springframework.beans.factory.support.AbstractBeanDefinitionReader:224] - Loaded 1 bean definitions from location pattern [jersey-spring-applicationContext.xml]
16/03/15 17:26:54 DEBUG [org.springframework.context.support.AbstractApplicationContext:612] - Bean factory for org.springframework.context.support.ClassPathXmlApplicationContext@41ce616c: org.springframework.beans.factory.support.DefaultListableBeanFactory@ff47ad4: defining beans [baseTestCase,testServiceImpl,org.springframework.context.annotation.internalConfigurationAnnotationProcessor,org.springframework.context.annotation.internalAutowiredAnnotationProcessor,org.springframework.context.annotation.internalRequiredAnnotationProcessor,org.springframework.context.annotation.internalCommonAnnotationProcessor,org.springframework.context.event.internalEventListenerProcessor,org.springframework.context.event.internalEventListenerFactory,org.springframework.transaction.config.internalTransactionalEventListenerFactory,org.springframework.aop.config.internalAutoProxyCreator,org.springframework.transaction.annotation.AnnotationTransactionAttributeSource#0,org.springframework.transaction.interceptor.TransactionInterceptor#0,org.springframework.transaction.config.internalTransactionAdvisor,org.springframework.beans.factory.config.CustomScopeConfigurer#0]; root of factory hierarchy
16/03/15 17:26:54 DEBUG [org.springframework.beans.factory.support.DefaultSingletonBeanRegistry:221] - Creating shared instance of singleton bean &apos;org.springframework.context.annotation.internalConfigurationAnnotationProcessor&apos;
16/03/15 17:26:54 DEBUG [org.springframework.beans.factory.support.AbstractAutowireCapableBeanFactory:448] - Creating instance of bean &apos;org.springframework.context.annotation.internalConfigurationAnnotationProcessor&apos;
16/03/15 17:26:54 DEBUG [org.springframework.beans.factory.support.AbstractAutowireCapableBeanFactory:529] - Eagerly caching bean &apos;org.springframework.context.annotation.internalConfigurationAnnotationProcessor&apos; to allow for resolving potential circular references
16/03/15 17:26:54 DEBUG [org.springframework.beans.factory.support.AbstractAutowireCapableBeanFactory:484] - Finished creating instance of bean &apos;org.springframework.context.annotation.internalConfigurationAnnotationProcessor&apos;
16/03/15 17:26:54 DEBUG [org.springframework.context.annotation.ConfigurationClassBeanDefinitionReader:256] - Registering bean definition for @Bean method org.narl.hrms.visual.base.BaseTestCase.getSampleService()
16/03/15 17:26:54 DEBUG [org.springframework.context.annotation.ConfigurationClassEnhancer:109] - Successfully enhanced org.narl.hrms.visual.base.BaseTestCase; enhanced class name is: org.narl.hrms.visual.base.BaseTestCase$$EnhancerBySpringCGLIB$$c2e0f42
16/03/15 17:26:54 DEBUG [org.springframework.context.annotation.ConfigurationClassPostProcessor:403] - Replacing bean definition &apos;baseTestCase&apos; existing class &apos;org.narl.hrms.visual.base.BaseTestCase&apos; with enhanced class &apos;org.narl.hrms.visual.base.BaseTestCase$$EnhancerBySpringCGLIB$$c2e0f42&apos;
16/03/15 17:26:54 DEBUG [org.springframework.beans.factory.support.DefaultSingletonBeanRegistry:221] - Creating shared instance of singleton bean &apos;org.springframework.beans.factory.config.CustomScopeConfigurer#0&apos;
16/03/15 17:26:54 DEBUG [org.springframework.beans.factory.support.AbstractAutowireCapableBeanFactory:448] - Creating instance of bean &apos;org.springframework.beans.factory.config.CustomScopeConfigurer#0&apos;
16/03/15 17:26:54 DEBUG [org.springframework.beans.factory.support.AbstractAutowireCapableBeanFactory:529] - Eagerly caching bean &apos;org.springframework.beans.factory.config.CustomScopeConfigurer#0&apos; to allow for resolving potential circular references
16/03/15 17:26:54 DEBUG [org.springframework.beans.factory.support.AbstractAutowireCapableBeanFactory:448] - Creating instance of bean &apos;org.springframework.web.context.request.RequestScope#2d0e0f04&apos;
16/03/15 17:26:54 DEBUG [org.springframework.beans.factory.support.AbstractAutowireCapableBeanFactory:484] - Finished creating instance of bean &apos;org.springframework.web.context.request.RequestScope#2d0e0f04&apos;
16/03/15 17:26:54 DEBUG [org.springframework.beans.factory.support.AbstractAutowireCapableBeanFactory:484] - Finished creating instance of bean &apos;org.springframework.beans.factory.config.CustomScopeConfigurer#0&apos;
16/03/15 17:26:54 DEBUG [org.springframework.beans.factory.support.AbstractBeanFactory:874] - Registering scope &apos;request&apos; with implementation [org.springframework.web.context.request.RequestScope@38a83930]
16/03/15 17:26:54 DEBUG [org.springframework.beans.factory.support.DefaultSingletonBeanRegistry:221] - Creating shared instance of singleton bean &apos;org.springframework.context.annotation.internalAutowiredAnnotationProcessor&apos;
16/03/15 17:26:54 DEBUG [org.springframework.beans.factory.support.AbstractAutowireCapableBeanFactory:448] - Creating instance of bean &apos;org.springframework.context.annotation.internalAutowiredAnnotationProcessor&apos;
16/03/15 17:26:54 INFO  [org.springframework.beans.factory.annotation.AutowiredAnnotationBeanPostProcessor:153] - JSR-330 &apos;javax.inject.Inject&apos; annotation found and supported for autowiring
16/03/15 17:26:54 DEBUG [org.springframework.beans.factory.support.AbstractAutowireCapableBeanFactory:529] - Eagerly caching bean &apos;org.springframework.context.annotation.internalAutowiredAnnotationProcessor&apos; to allow for resolving potential circular references
16/03/15 17:26:54 DEBUG [org.springframework.beans.factory.support.AbstractAutowireCapableBeanFactory:484] - Finished creating instance of bean &apos;org.springframework.context.annotation.internalAutowiredAnnotationProcessor&apos;
16/03/15 17:26:54 DEBUG [org.springframework.beans.factory.support.DefaultSingletonBeanRegistry:221] - Creating shared instance of singleton bean &apos;org.springframework.context.annotation.internalRequiredAnnotationProcessor&apos;
16/03/15 17:26:54 DEBUG [org.springframework.beans.factory.support.AbstractAutowireCapableBeanFactory:448] - Creating instance of bean &apos;org.springframework.context.annotation.internalRequiredAnnotationProcessor&apos;
16/03/15 17:26:54 DEBUG [org.springframework.beans.factory.support.AbstractAutowireCapableBeanFactory:529] - Eagerly caching bean &apos;org.springframework.context.annotation.internalRequiredAnnotationProcessor&apos; to allow for resolving potential circular references
16/03/15 17:26:54 DEBUG [org.springframework.beans.factory.support.AbstractAutowireCapableBeanFactory:484] - Finished creating instance of bean &apos;org.springframework.context.annotation.internalRequiredAnnotationProcessor&apos;
16/03/15 17:26:54 DEBUG [org.springframework.beans.factory.support.DefaultSingletonBeanRegistry:221] - Creating shared instance of singleton bean &apos;org.springframework.context.annotation.internalCommonAnnotationProcessor&apos;
16/03/15 17:26:54 DEBUG [org.springframework.beans.factory.support.AbstractAutowireCapableBeanFactory:448] - Creating instance of bean &apos;org.springframework.context.annotation.internalCommonAnnotationProcessor&apos;
16/03/15 17:26:54 DEBUG [org.springframework.beans.factory.support.AbstractAutowireCapableBeanFactory:529] - Eagerly caching bean &apos;org.springframework.context.annotation.internalCommonAnnotationProcessor&apos; to allow for resolving potential circular references
16/03/15 17:26:54 DEBUG [org.springframework.beans.factory.support.AbstractAutowireCapableBeanFactory:484] - Finished creating instance of bean &apos;org.springframework.context.annotation.internalCommonAnnotationProcessor&apos;
16/03/15 17:26:54 DEBUG [org.springframework.beans.factory.support.DefaultSingletonBeanRegistry:221] - Creating shared instance of singleton bean &apos;org.springframework.context.annotation.ConfigurationClassPostProcessor.importAwareProcessor&apos;
16/03/15 17:26:54 DEBUG [org.springframework.beans.factory.support.AbstractAutowireCapableBeanFactory:448] - Creating instance of bean &apos;org.springframework.context.annotation.ConfigurationClassPostProcessor.importAwareProcessor&apos;
16/03/15 17:26:54 DEBUG [org.springframework.beans.factory.support.AbstractAutowireCapableBeanFactory:529] - Eagerly caching bean &apos;org.springframework.context.annotation.ConfigurationClassPostProcessor.importAwareProcessor&apos; to allow for resolving potential circular references
16/03/15 17:26:54 DEBUG [org.springframework.beans.factory.support.AbstractAutowireCapableBeanFactory:484] - Finished creating instance of bean &apos;org.springframework.context.annotation.ConfigurationClassPostProcessor.importAwareProcessor&apos;
16/03/15 17:26:54 DEBUG [org.springframework.beans.factory.support.DefaultSingletonBeanRegistry:221] - Creating shared instance of singleton bean &apos;org.springframework.context.annotation.ConfigurationClassPostProcessor.enhancedConfigurationProcessor&apos;
16/03/15 17:26:54 DEBUG [org.springframework.beans.factory.support.AbstractAutowireCapableBeanFactory:448] - Creating instance of bean &apos;org.springframework.context.annotation.ConfigurationClassPostProcessor.enhancedConfigurationProcessor&apos;
16/03/15 17:26:54 DEBUG [org.springframework.beans.factory.support.AbstractAutowireCapableBeanFactory:529] - Eagerly caching bean &apos;org.springframework.context.annotation.ConfigurationClassPostProcessor.enhancedConfigurationProcessor&apos; to allow for resolving potential circular references
16/03/15 17:26:54 DEBUG [org.springframework.beans.factory.support.AbstractAutowireCapableBeanFactory:484] - Finished creating instance of bean &apos;org.springframework.context.annotation.ConfigurationClassPostProcessor.enhancedConfigurationProcessor&apos;
16/03/15 17:26:54 DEBUG [org.springframework.beans.factory.support.DefaultSingletonBeanRegistry:221] - Creating shared instance of singleton bean &apos;org.springframework.aop.config.internalAutoProxyCreator&apos;
16/03/15 17:26:54 DEBUG [org.springframework.beans.factory.support.AbstractAutowireCapableBeanFactory:448] - Creating instance of bean &apos;org.springframework.aop.config.internalAutoProxyCreator&apos;
16/03/15 17:26:54 DEBUG [org.springframework.beans.factory.support.AbstractAutowireCapableBeanFactory:529] - Eagerly caching bean &apos;org.springframework.aop.config.internalAutoProxyCreator&apos; to allow for resolving potential circular references
16/03/15 17:26:54 DEBUG [org.springframework.beans.factory.support.AbstractAutowireCapableBeanFactory:484] - Finished creating instance of bean &apos;org.springframework.aop.config.internalAutoProxyCreator&apos;
16/03/15 17:26:54 DEBUG [org.springframework.context.support.AbstractApplicationContext:718] - Unable to locate MessageSource with name &apos;messageSource&apos;: using default [org.springframework.context.support.DelegatingMessageSource@4e83de2b]
16/03/15 17:26:54 DEBUG [org.springframework.context.support.AbstractApplicationContext:742] - Unable to locate ApplicationEventMulticaster with name &apos;applicationEventMulticaster&apos;: using default [org.springframework.context.event.SimpleApplicationEventMulticaster@7cdc646]
16/03/15 17:26:54 DEBUG [org.springframework.beans.factory.support.DefaultListableBeanFactory:741] - Pre-instantiating singletons in org.springframework.beans.factory.support.DefaultListableBeanFactory@ff47ad4: defining beans [baseTestCase,testServiceImpl,org.springframework.context.annotation.internalConfigurationAnnotationProcessor,org.springframework.context.annotation.internalAutowiredAnnotationProcessor,org.springframework.context.annotation.internalRequiredAnnotationProcessor,org.springframework.context.annotation.internalCommonAnnotationProcessor,org.springframework.context.event.internalEventListenerProcessor,org.springframework.context.event.internalEventListenerFactory,org.springframework.transaction.config.internalTransactionalEventListenerFactory,org.springframework.aop.config.internalAutoProxyCreator,org.springframework.transaction.annotation.AnnotationTransactionAttributeSource#0,org.springframework.transaction.interceptor.TransactionInterceptor#0,org.springframework.transaction.config.internalTransactionAdvisor,org.springframework.beans.factory.config.CustomScopeConfigurer#0,org.springframework.context.annotation.ConfigurationClassPostProcessor.importAwareProcessor,org.springframework.context.annotation.ConfigurationClassPostProcessor.enhancedConfigurationProcessor,getSampleService]; root of factory hierarchy
16/03/15 17:26:54 DEBUG [org.springframework.beans.factory.support.DefaultSingletonBeanRegistry:221] - Creating shared instance of singleton bean &apos;baseTestCase&apos;
16/03/15 17:26:54 DEBUG [org.springframework.beans.factory.support.AbstractAutowireCapableBeanFactory:448] - Creating instance of bean &apos;baseTestCase&apos;
16/03/15 17:26:54 DEBUG [org.springframework.beans.factory.support.AbstractAutowireCapableBeanFactory:529] - Eagerly caching bean &apos;baseTestCase&apos; to allow for resolving potential circular references
16/03/15 17:26:54 DEBUG [org.springframework.beans.factory.support.DefaultSingletonBeanRegistry:221] - Creating shared instance of singleton bean &apos;org.springframework.transaction.config.internalTransactionAdvisor&apos;
16/03/15 17:26:54 DEBUG [org.springframework.beans.factory.support.AbstractAutowireCapableBeanFactory:448] - Creating instance of bean &apos;org.springframework.transaction.config.internalTransactionAdvisor&apos;
16/03/15 17:26:54 DEBUG [org.springframework.beans.factory.support.AbstractAutowireCapableBeanFactory:529] - Eagerly caching bean &apos;org.springframework.transaction.config.internalTransactionAdvisor&apos; to allow for resolving potential circular references
16/03/15 17:26:54 DEBUG [org.springframework.beans.factory.support.DefaultSingletonBeanRegistry:221] - Creating shared instance of singleton bean &apos;org.springframework.transaction.annotation.AnnotationTransactionAttributeSource#0&apos;
16/03/15 17:26:54 DEBUG [org.springframework.beans.factory.support.AbstractAutowireCapableBeanFactory:448] - Creating instance of bean &apos;org.springframework.transaction.annotation.AnnotationTransactionAttributeSource#0&apos;
16/03/15 17:26:54 DEBUG [org.springframework.beans.factory.support.AbstractAutowireCapableBeanFactory:529] - Eagerly caching bean &apos;org.springframework.transaction.annotation.AnnotationTransactionAttributeSource#0&apos; to allow for resolving potential circular references
16/03/15 17:26:54 DEBUG [org.springframework.aop.framework.autoproxy.BeanFactoryAdvisorRetrievalHelper:87] - Skipping currently created advisor &apos;org.springframework.transaction.config.internalTransactionAdvisor&apos;
16/03/15 17:26:54 DEBUG [org.springframework.beans.factory.support.AbstractAutowireCapableBeanFactory:484] - Finished creating instance of bean &apos;org.springframework.transaction.annotation.AnnotationTransactionAttributeSource#0&apos;
16/03/15 17:26:54 DEBUG [org.springframework.beans.factory.support.AbstractAutowireCapableBeanFactory:484] - Finished creating instance of bean &apos;org.springframework.transaction.config.internalTransactionAdvisor&apos;
16/03/15 17:26:54 DEBUG [org.springframework.beans.factory.support.AbstractAutowireCapableBeanFactory:484] - Finished creating instance of bean &apos;baseTestCase&apos;
16/03/15 17:26:54 DEBUG [org.springframework.beans.factory.support.DefaultSingletonBeanRegistry:221] - Creating shared instance of singleton bean &apos;testServiceImpl&apos;
16/03/15 17:26:54 DEBUG [org.springframework.beans.factory.support.AbstractAutowireCapableBeanFactory:448] - Creating instance of bean &apos;testServiceImpl&apos;
16/03/15 17:26:54 DEBUG [org.springframework.beans.factory.support.AbstractAutowireCapableBeanFactory:529] - Eagerly caching bean &apos;testServiceImpl&apos; to allow for resolving potential circular references
16/03/15 17:26:54 DEBUG [org.springframework.beans.factory.support.AbstractBeanFactory:251] - Returning cached instance of singleton bean &apos;org.springframework.transaction.config.internalTransactionAdvisor&apos;
16/03/15 17:26:54 DEBUG [org.springframework.beans.factory.support.AbstractAutowireCapableBeanFactory:484] - Finished creating instance of bean &apos;testServiceImpl&apos;
16/03/15 17:26:54 DEBUG [org.springframework.beans.factory.support.AbstractBeanFactory:251] - Returning cached instance of singleton bean &apos;org.springframework.context.annotation.internalConfigurationAnnotationProcessor&apos;
16/03/15 17:26:54 DEBUG [org.springframework.beans.factory.support.AbstractBeanFactory:251] - Returning cached instance of singleton bean &apos;org.springframework.context.annotation.internalAutowiredAnnotationProcessor&apos;
16/03/15 17:26:54 DEBUG [org.springframework.beans.factory.support.AbstractBeanFactory:251] - Returning cached instance of singleton bean &apos;org.springframework.context.annotation.internalRequiredAnnotationProcessor&apos;
16/03/15 17:26:54 DEBUG [org.springframework.beans.factory.support.AbstractBeanFactory:251] - Returning cached instance of singleton bean &apos;org.springframework.context.annotation.internalCommonAnnotationProcessor&apos;
16/03/15 17:26:54 DEBUG [org.springframework.beans.factory.support.DefaultSingletonBeanRegistry:221] - Creating shared instance of singleton bean &apos;org.springframework.context.event.internalEventListenerProcessor&apos;
16/03/15 17:26:54 DEBUG [org.springframework.beans.factory.support.AbstractAutowireCapableBeanFactory:448] - Creating instance of bean &apos;org.springframework.context.event.internalEventListenerProcessor&apos;
16/03/15 17:26:54 DEBUG [org.springframework.beans.factory.support.AbstractAutowireCapableBeanFactory:529] - Eagerly caching bean &apos;org.springframework.context.event.internalEventListenerProcessor&apos; to allow for resolving potential circular references
16/03/15 17:26:54 DEBUG [org.springframework.beans.factory.support.AbstractBeanFactory:251] - Returning cached instance of singleton bean &apos;org.springframework.transaction.config.internalTransactionAdvisor&apos;
16/03/15 17:26:54 DEBUG [org.springframework.beans.factory.support.AbstractAutowireCapableBeanFactory:484] - Finished creating instance of bean &apos;org.springframework.context.event.internalEventListenerProcessor&apos;
16/03/15 17:26:54 DEBUG [org.springframework.beans.factory.support.DefaultSingletonBeanRegistry:221] - Creating shared instance of singleton bean &apos;org.springframework.context.event.internalEventListenerFactory&apos;
16/03/15 17:26:54 DEBUG [org.springframework.beans.factory.support.AbstractAutowireCapableBeanFactory:448] - Creating instance of bean &apos;org.springframework.context.event.internalEventListenerFactory&apos;
16/03/15 17:26:54 DEBUG [org.springframework.beans.factory.support.AbstractAutowireCapableBeanFactory:529] - Eagerly caching bean &apos;org.springframework.context.event.internalEventListenerFactory&apos; to allow for resolving potential circular references
16/03/15 17:26:54 DEBUG [org.springframework.beans.factory.support.AbstractBeanFactory:251] - Returning cached instance of singleton bean &apos;org.springframework.transaction.config.internalTransactionAdvisor&apos;
16/03/15 17:26:54 DEBUG [org.springframework.beans.factory.support.AbstractAutowireCapableBeanFactory:484] - Finished creating instance of bean &apos;org.springframework.context.event.internalEventListenerFactory&apos;
16/03/15 17:26:54 DEBUG [org.springframework.beans.factory.support.DefaultSingletonBeanRegistry:221] - Creating shared instance of singleton bean &apos;org.springframework.transaction.config.internalTransactionalEventListenerFactory&apos;
16/03/15 17:26:54 DEBUG [org.springframework.beans.factory.support.AbstractAutowireCapableBeanFactory:448] - Creating instance of bean &apos;org.springframework.transaction.config.internalTransactionalEventListenerFactory&apos;
16/03/15 17:26:54 DEBUG [org.springframework.beans.factory.support.AbstractAutowireCapableBeanFactory:529] - Eagerly caching bean &apos;org.springframework.transaction.config.internalTransactionalEventListenerFactory&apos; to allow for resolving potential circular references
16/03/15 17:26:54 DEBUG [org.springframework.beans.factory.support.AbstractBeanFactory:251] - Returning cached instance of singleton bean &apos;org.springframework.transaction.config.internalTransactionAdvisor&apos;
16/03/15 17:26:54 DEBUG [org.springframework.beans.factory.support.AbstractAutowireCapableBeanFactory:484] - Finished creating instance of bean &apos;org.springframework.transaction.config.internalTransactionalEventListenerFactory&apos;
16/03/15 17:26:54 DEBUG [org.springframework.beans.factory.support.AbstractBeanFactory:251] - Returning cached instance of singleton bean &apos;org.springframework.aop.config.internalAutoProxyCreator&apos;
16/03/15 17:26:54 DEBUG [org.springframework.beans.factory.support.AbstractBeanFactory:251] - Returning cached instance of singleton bean &apos;org.springframework.transaction.annotation.AnnotationTransactionAttributeSource#0&apos;
16/03/15 17:26:54 DEBUG [org.springframework.beans.factory.support.DefaultSingletonBeanRegistry:221] - Creating shared instance of singleton bean &apos;org.springframework.transaction.interceptor.TransactionInterceptor#0&apos;
16/03/15 17:26:54 DEBUG [org.springframework.beans.factory.support.AbstractAutowireCapableBeanFactory:448] - Creating instance of bean &apos;org.springframework.transaction.interceptor.TransactionInterceptor#0&apos;
16/03/15 17:26:54 DEBUG [org.springframework.beans.factory.support.AbstractAutowireCapableBeanFactory:529] - Eagerly caching bean &apos;org.springframework.transaction.interceptor.TransactionInterceptor#0&apos; to allow for resolving potential circular references
16/03/15 17:26:54 DEBUG [org.springframework.beans.factory.support.AbstractBeanFactory:251] - Returning cached instance of singleton bean &apos;org.springframework.transaction.annotation.AnnotationTransactionAttributeSource#0&apos;
16/03/15 17:26:54 DEBUG [org.springframework.beans.factory.support.AbstractAutowireCapableBeanFactory:1620] - Invoking afterPropertiesSet() on bean with name &apos;org.springframework.transaction.interceptor.TransactionInterceptor#0&apos;
16/03/15 17:26:54 DEBUG [org.springframework.beans.factory.support.AbstractAutowireCapableBeanFactory:484] - Finished creating instance of bean &apos;org.springframework.transaction.interceptor.TransactionInterceptor#0&apos;
16/03/15 17:26:54 DEBUG [org.springframework.beans.factory.support.AbstractBeanFactory:251] - Returning cached instance of singleton bean &apos;org.springframework.transaction.config.internalTransactionAdvisor&apos;
16/03/15 17:26:54 DEBUG [org.springframework.beans.factory.support.AbstractBeanFactory:251] - Returning cached instance of singleton bean &apos;org.springframework.beans.factory.config.CustomScopeConfigurer#0&apos;
16/03/15 17:26:54 DEBUG [org.springframework.beans.factory.support.AbstractBeanFactory:251] - Returning cached instance of singleton bean &apos;org.springframework.context.annotation.ConfigurationClassPostProcessor.importAwareProcessor&apos;
16/03/15 17:26:54 DEBUG [org.springframework.beans.factory.support.AbstractBeanFactory:251] - Returning cached instance of singleton bean &apos;org.springframework.context.annotation.ConfigurationClassPostProcessor.enhancedConfigurationProcessor&apos;
16/03/15 17:26:54 DEBUG [org.springframework.beans.factory.support.DefaultSingletonBeanRegistry:221] - Creating shared instance of singleton bean &apos;getSampleService&apos;
16/03/15 17:26:54 DEBUG [org.springframework.beans.factory.support.AbstractAutowireCapableBeanFactory:448] - Creating instance of bean &apos;getSampleService&apos;
16/03/15 17:26:54 DEBUG [org.springframework.beans.factory.support.AbstractBeanFactory:251] - Returning cached instance of singleton bean &apos;baseTestCase&apos;
16/03/15 17:26:55 DEBUG [org.springframework.beans.factory.support.AbstractAutowireCapableBeanFactory:529] - Eagerly caching bean &apos;getSampleService&apos; to allow for resolving potential circular references
16/03/15 17:26:55 DEBUG [org.springframework.beans.factory.support.AbstractBeanFactory:251] - Returning cached instance of singleton bean &apos;org.springframework.transaction.config.internalTransactionAdvisor&apos;
16/03/15 17:26:55 DEBUG [org.springframework.beans.factory.support.AbstractAutowireCapableBeanFactory:484] - Finished creating instance of bean &apos;getSampleService&apos;
16/03/15 17:26:55 DEBUG [org.springframework.beans.factory.support.AbstractBeanFactory:251] - Returning cached instance of singleton bean &apos;org.springframework.context.event.internalEventListenerFactory&apos;
16/03/15 17:26:55 DEBUG [org.springframework.beans.factory.support.AbstractBeanFactory:251] - Returning cached instance of singleton bean &apos;org.springframework.transaction.config.internalTransactionalEventListenerFactory&apos;
16/03/15 17:26:55 DEBUG [org.springframework.context.support.AbstractApplicationContext:769] - Unable to locate LifecycleProcessor with name &apos;lifecycleProcessor&apos;: using default [org.springframework.context.support.DefaultLifecycleProcessor@47cd0dbb]
16/03/15 17:26:55 DEBUG [org.springframework.beans.factory.support.AbstractBeanFactory:251] - Returning cached instance of singleton bean &apos;lifecycleProcessor&apos;
16/03/15 17:26:55 DEBUG [org.springframework.core.env.PropertySourcesPropertyResolver:81] - Searching for key &apos;spring.liveBeansView.mbeanDomain&apos; in [systemProperties]
16/03/15 17:26:55 DEBUG [org.springframework.core.env.PropertySourcesPropertyResolver:81] - Searching for key &apos;spring.liveBeansView.mbeanDomain&apos; in [systemEnvironment]
16/03/15 17:26:55 DEBUG [org.springframework.core.env.PropertySourcesPropertyResolver:103] - Could not find key &apos;spring.liveBeansView.mbeanDomain&apos; in any property source. Returning [null]
16/03/15 17:26:55 DEBUG [org.eclipse.jetty.util.log.Log:173] - Logging to org.slf4j.impl.Log4jLoggerAdapter(org.eclipse.jetty.util.log) via org.eclipse.jetty.util.log.Slf4jLog
</system-out>
    <system-err>三月 15, 2016 5:26:52 下午 org.glassfish.jersey.server.ApplicationHandler initialize
資訊: Initiating Jersey application, version Jersey: 2.8 2014-04-29 01:25:26...
三月 15, 2016 5:26:55 下午 org.glassfish.jersey.internal.Errors logErrors
警告: The following warnings have been detected: WARNING: HK2 failure has been detected in a code that does not run in an active Jersey Error scope.
WARNING: HK2 service reification failed for [org.glassfish.jersey.test.grizzly.GrizzlyWebTestContainerFactory] with an exception:
MultiException stack 1 of 4
java.lang.NoClassDefFoundError: org/glassfish/jersey/test/DeploymentContext
	at java.lang.Class.getDeclaredMethods0(Native Method)
	at java.lang.Class.privateGetDeclaredMethods(Class.java:2521)
	at java.lang.Class.getDeclaredMethods(Class.java:1845)
	at org.jvnet.hk2.internal.Utilities$5.run(Utilities.java:414)
	at org.jvnet.hk2.internal.Utilities$5.run(Utilities.java:410)
	at java.security.AccessController.doPrivileged(Native Method)
	at org.jvnet.hk2.internal.Utilities.getDeclaredMethods(Utilities.java:410)
	at org.jvnet.hk2.internal.Utilities.getAllMethodKeys(Utilities.java:1396)
	at org.jvnet.hk2.internal.Utilities.getAllMethods(Utilities.java:1340)
	at org.jvnet.hk2.internal.Utilities.findInitializerMethods(Utilities.java:1424)
	at org.jvnet.hk2.internal.DefaultClassAnalyzer.getInitializerMethods(DefaultClassAnalyzer.java:102)
	at org.glassfish.jersey.internal.inject.JerseyClassAnalyzer.getInitializerMethods(JerseyClassAnalyzer.java:239)
	at org.jvnet.hk2.internal.Utilities.getInitMethods(Utilities.java:243)
	at org.jvnet.hk2.internal.ClazzCreator.initialize(ClazzCreator.java:163)
	at org.jvnet.hk2.internal.ClazzCreator.initialize(ClazzCreator.java:200)
	at org.jvnet.hk2.internal.SystemDescriptor.internalReify(SystemDescriptor.java:649)
	at org.jvnet.hk2.internal.SystemDescriptor.reify(SystemDescriptor.java:604)
	at org.jvnet.hk2.internal.ServiceLocatorImpl.reifyDescriptor(ServiceLocatorImpl.java:405)
	at org.jvnet.hk2.internal.ServiceLocatorImpl.narrow(ServiceLocatorImpl.java:2046)
	at org.jvnet.hk2.internal.ServiceLocatorImpl.access$700(ServiceLocatorImpl.java:116)
	at org.jvnet.hk2.internal.ServiceLocatorImpl$8.compute(ServiceLocatorImpl.java:1207)
	at org.jvnet.hk2.internal.ServiceLocatorImpl$8.compute(ServiceLocatorImpl.java:1202)
	at org.glassfish.hk2.utilities.cache.LRUHybridCache$OriginThreadAwareFuture$1.call(LRUHybridCache.java:115)
	at org.glassfish.hk2.utilities.cache.LRUHybridCache$OriginThreadAwareFuture$1.call(LRUHybridCache.java:111)
	at java.util.concurrent.FutureTask.run(FutureTask.java:262)
	at org.glassfish.hk2.utilities.cache.LRUHybridCache$OriginThreadAwareFuture.run(LRUHybridCache.java:173)
	at org.glassfish.hk2.utilities.cache.LRUHybridCache.compute(LRUHybridCache.java:292)
	at org.jvnet.hk2.internal.ServiceLocatorImpl.internalGetAllServiceHandles(ServiceLocatorImpl.java:1280)
	at org.jvnet.hk2.internal.ServiceLocatorImpl.getAllServiceHandles(ServiceLocatorImpl.java:1189)
	at org.jvnet.hk2.internal.ServiceLocatorImpl.getAllServiceHandles(ServiceLocatorImpl.java:1178)
	at org.glassfish.jersey.internal.inject.Providers.getAllServiceHandles(Providers.java:314)
	at org.glassfish.jersey.internal.inject.Providers.getProviders(Providers.java:185)
	at org.glassfish.jersey.test.JerseyTest.getTestContainerFactory(JerseyTest.java:379)
	at org.glassfish.jersey.test.JerseyTest.&lt;init&gt;(JerseyTest.java:143)
	at org.narl.hrms.visual.rest.SampleRESTJerseyTest.&lt;init&gt;(SampleRESTJerseyTest.java:14)
	at sun.reflect.NativeConstructorAccessorImpl.newInstance0(Native Method)
	at sun.reflect.NativeConstructorAccessorImpl.newInstance(NativeConstructorAccessorImpl.java:57)
	at sun.reflect.DelegatingConstructorAccessorImpl.newInstance(DelegatingConstructorAccessorImpl.java:45)
	at java.lang.reflect.Constructor.newInstance(Constructor.java:526)
	at org.junit.runners.BlockJUnit4ClassRunner.createTest(BlockJUnit4ClassRunner.java:187)
	at org.junit.runners.BlockJUnit4ClassRunner$1.runReflectiveCall(BlockJUnit4ClassRunner.java:236)
	at org.junit.internal.runners.model.ReflectiveCallable.run(ReflectiveCallable.java:15)
	at org.junit.runners.BlockJUnit4ClassRunner.methodBlock(BlockJUnit4ClassRunner.java:233)
	at org.junit.runners.BlockJUnit4ClassRunner.runChild(BlockJUnit4ClassRunner.java:68)
	at org.junit.runners.BlockJUnit4ClassRunner.runChild(BlockJUnit4ClassRunner.java:47)
	at org.junit.runners.ParentRunner$3.run(ParentRunner.java:231)
	at org.junit.runners.ParentRunner$1.schedule(ParentRunner.java:60)
	at org.junit.runners.ParentRunner.runChildren(ParentRunner.java:229)
	at org.junit.runners.ParentRunner.access$000(ParentRunner.java:50)
	at org.junit.runners.ParentRunner$2.evaluate(ParentRunner.java:222)
	at org.junit.runners.ParentRunner.run(ParentRunner.java:300)
	at org.apache.maven.surefire.junit4.JUnit4Provider.execute(JUnit4Provider.java:252)
	at org.apache.maven.surefire.junit4.JUnit4Provider.executeTestSet(JUnit4Provider.java:141)
	at org.apache.maven.surefire.junit4.JUnit4Provider.invoke(JUnit4Provider.java:112)
	at sun.reflect.NativeMethodAccessorImpl.invoke0(Native Method)
	at sun.reflect.NativeMethodAccessorImpl.invoke(NativeMethodAccessorImpl.java:57)
	at sun.reflect.DelegatingMethodAccessorImpl.invoke(DelegatingMethodAccessorImpl.java:43)
	at java.lang.reflect.Method.invoke(Method.java:606)
	at org.apache.maven.surefire.util.ReflectionUtils.invokeMethodWithArray(ReflectionUtils.java:189)
	at org.apache.maven.surefire.booter.ProviderFactory$ProviderProxy.invoke(ProviderFactory.java:165)
	at org.apache.maven.surefire.booter.ProviderFactory.invokeProvider(ProviderFactory.java:85)
	at org.apache.maven.surefire.booter.ForkedBooter.runSuitesInProcess(ForkedBooter.java:115)
	at org.apache.maven.surefire.booter.ForkedBooter.main(ForkedBooter.java:75)
Caused by: java.lang.ClassNotFoundException: org.glassfish.jersey.test.DeploymentContext
	at java.net.URLClassLoader$1.run(URLClassLoader.java:366)
	at java.net.URLClassLoader$1.run(URLClassLoader.java:355)
	at java.security.AccessController.doPrivileged(Native Method)
	at java.net.URLClassLoader.findClass(URLClassLoader.java:354)
	at java.lang.ClassLoader.loadClass(ClassLoader.java:424)
	at sun.misc.Launcher$AppClassLoader.loadClass(Launcher.java:308)
	at java.lang.ClassLoader.loadClass(ClassLoader.java:357)
	... 63 more
MultiException stack 2 of 4
java.lang.NoClassDefFoundError: org/glassfish/jersey/test/DeploymentContext
	at java.lang.Class.getDeclaredMethods0(Native Method)
	at java.lang.Class.privateGetDeclaredMethods(Class.java:2521)
	at java.lang.Class.getDeclaredMethods(Class.java:1845)
	at org.jvnet.hk2.internal.Utilities$5.run(Utilities.java:414)
	at org.jvnet.hk2.internal.Utilities$5.run(Utilities.java:410)
	at java.security.AccessController.doPrivileged(Native Method)
	at org.jvnet.hk2.internal.Utilities.getDeclaredMethods(Utilities.java:410)
	at org.jvnet.hk2.internal.Utilities.getAllMethodKeys(Utilities.java:1396)
	at org.jvnet.hk2.internal.Utilities.getAllMethods(Utilities.java:1340)
	at org.jvnet.hk2.internal.Utilities.findPostConstruct(Utilities.java:2150)
	at org.jvnet.hk2.internal.DefaultClassAnalyzer.getPostConstructMethod(DefaultClassAnalyzer.java:125)
	at org.glassfish.jersey.internal.inject.JerseyClassAnalyzer.getPostConstructMethod(JerseyClassAnalyzer.java:249)
	at org.jvnet.hk2.internal.Utilities.getPostConstruct(Utilities.java:304)
	at org.jvnet.hk2.internal.ClazzCreator.initialize(ClazzCreator.java:187)
	at org.jvnet.hk2.internal.ClazzCreator.initialize(ClazzCreator.java:200)
	at org.jvnet.hk2.internal.SystemDescriptor.internalReify(SystemDescriptor.java:649)
	at org.jvnet.hk2.internal.SystemDescriptor.reify(SystemDescriptor.java:604)
	at org.jvnet.hk2.internal.ServiceLocatorImpl.reifyDescriptor(ServiceLocatorImpl.java:405)
	at org.jvnet.hk2.internal.ServiceLocatorImpl.narrow(ServiceLocatorImpl.java:2046)
	at org.jvnet.hk2.internal.ServiceLocatorImpl.access$700(ServiceLocatorImpl.java:116)
	at org.jvnet.hk2.internal.ServiceLocatorImpl$8.compute(ServiceLocatorImpl.java:1207)
	at org.jvnet.hk2.internal.ServiceLocatorImpl$8.compute(ServiceLocatorImpl.java:1202)
	at org.glassfish.hk2.utilities.cache.LRUHybridCache$OriginThreadAwareFuture$1.call(LRUHybridCache.java:115)
	at org.glassfish.hk2.utilities.cache.LRUHybridCache$OriginThreadAwareFuture$1.call(LRUHybridCache.java:111)
	at java.util.concurrent.FutureTask.run(FutureTask.java:262)
	at org.glassfish.hk2.utilities.cache.LRUHybridCache$OriginThreadAwareFuture.run(LRUHybridCache.java:173)
	at org.glassfish.hk2.utilities.cache.LRUHybridCache.compute(LRUHybridCache.java:292)
	at org.jvnet.hk2.internal.ServiceLocatorImpl.internalGetAllServiceHandles(ServiceLocatorImpl.java:1280)
	at org.jvnet.hk2.internal.ServiceLocatorImpl.getAllServiceHandles(ServiceLocatorImpl.java:1189)
	at org.jvnet.hk2.internal.ServiceLocatorImpl.getAllServiceHandles(ServiceLocatorImpl.java:1178)
	at org.glassfish.jersey.internal.inject.Providers.getAllServiceHandles(Providers.java:314)
	at org.glassfish.jersey.internal.inject.Providers.getProviders(Providers.java:185)
	at org.glassfish.jersey.test.JerseyTest.getTestContainerFactory(JerseyTest.java:379)
	at org.glassfish.jersey.test.JerseyTest.&lt;init&gt;(JerseyTest.java:143)
	at org.narl.hrms.visual.rest.SampleRESTJerseyTest.&lt;init&gt;(SampleRESTJerseyTest.java:14)
	at sun.reflect.NativeConstructorAccessorImpl.newInstance0(Native Method)
	at sun.reflect.NativeConstructorAccessorImpl.newInstance(NativeConstructorAccessorImpl.java:57)
	at sun.reflect.DelegatingConstructorAccessorImpl.newInstance(DelegatingConstructorAccessorImpl.java:45)
	at java.lang.reflect.Constructor.newInstance(Constructor.java:526)
	at org.junit.runners.BlockJUnit4ClassRunner.createTest(BlockJUnit4ClassRunner.java:187)
	at org.junit.runners.BlockJUnit4ClassRunner$1.runReflectiveCall(BlockJUnit4ClassRunner.java:236)
	at org.junit.internal.runners.model.ReflectiveCallable.run(ReflectiveCallable.java:15)
	at org.junit.runners.BlockJUnit4ClassRunner.methodBlock(BlockJUnit4ClassRunner.java:233)
	at org.junit.runners.BlockJUnit4ClassRunner.runChild(BlockJUnit4ClassRunner.java:68)
	at org.junit.runners.BlockJUnit4ClassRunner.runChild(BlockJUnit4ClassRunner.java:47)
	at org.junit.runners.ParentRunner$3.run(ParentRunner.java:231)
	at org.junit.runners.ParentRunner$1.schedule(ParentRunner.java:60)
	at org.junit.runners.ParentRunner.runChildren(ParentRunner.java:229)
	at org.junit.runners.ParentRunner.access$000(ParentRunner.java:50)
	at org.junit.runners.ParentRunner$2.evaluate(ParentRunner.java:222)
	at org.junit.runners.ParentRunner.run(ParentRunner.java:300)
	at org.apache.maven.surefire.junit4.JUnit4Provider.execute(JUnit4Provider.java:252)
	at org.apache.maven.surefire.junit4.JUnit4Provider.executeTestSet(JUnit4Provider.java:141)
	at org.apache.maven.surefire.junit4.JUnit4Provider.invoke(JUnit4Provider.java:112)
	at sun.reflect.NativeMethodAccessorImpl.invoke0(Native Method)
	at sun.reflect.NativeMethodAccessorImpl.invoke(NativeMethodAccessorImpl.java:57)
	at sun.reflect.DelegatingMethodAccessorImpl.invoke(DelegatingMethodAccessorImpl.java:43)
	at java.lang.reflect.Method.invoke(Method.java:606)
	at org.apache.maven.surefire.util.ReflectionUtils.invokeMethodWithArray(ReflectionUtils.java:189)
	at org.apache.maven.surefire.booter.ProviderFactory$ProviderProxy.invoke(ProviderFactory.java:165)
	at org.apache.maven.surefire.booter.ProviderFactory.invokeProvider(ProviderFactory.java:85)
	at org.apache.maven.surefire.booter.ForkedBooter.runSuitesInProcess(ForkedBooter.java:115)
	at org.apache.maven.surefire.booter.ForkedBooter.main(ForkedBooter.java:75)
Caused by: java.lang.ClassNotFoundException: org.glassfish.jersey.test.DeploymentContext
	at java.net.URLClassLoader$1.run(URLClassLoader.java:366)
	at java.net.URLClassLoader$1.run(URLClassLoader.java:355)
	at java.security.AccessController.doPrivileged(Native Method)
	at java.net.URLClassLoader.findClass(URLClassLoader.java:354)
	at java.lang.ClassLoader.loadClass(ClassLoader.java:424)
	at sun.misc.Launcher$AppClassLoader.loadClass(Launcher.java:308)
	at java.lang.ClassLoader.loadClass(ClassLoader.java:357)
	... 63 more
MultiException stack 3 of 4
java.lang.NoClassDefFoundError: org/glassfish/jersey/test/DeploymentContext
	at java.lang.Class.getDeclaredMethods0(Native Method)
	at java.lang.Class.privateGetDeclaredMethods(Class.java:2521)
	at java.lang.Class.getDeclaredMethods(Class.java:1845)
	at org.jvnet.hk2.internal.Utilities$5.run(Utilities.java:414)
	at org.jvnet.hk2.internal.Utilities$5.run(Utilities.java:410)
	at java.security.AccessController.doPrivileged(Native Method)
	at org.jvnet.hk2.internal.Utilities.getDeclaredMethods(Utilities.java:410)
	at org.jvnet.hk2.internal.Utilities.getAllMethodKeys(Utilities.java:1396)
	at org.jvnet.hk2.internal.Utilities.getAllMethods(Utilities.java:1340)
	at org.jvnet.hk2.internal.Utilities.findPreDestroy(Utilities.java:2195)
	at org.jvnet.hk2.internal.DefaultClassAnalyzer.getPreDestroyMethod(DefaultClassAnalyzer.java:136)
	at org.glassfish.jersey.internal.inject.JerseyClassAnalyzer.getPreDestroyMethod(JerseyClassAnalyzer.java:254)
	at org.jvnet.hk2.internal.Utilities.getPreDestroy(Utilities.java:326)
	at org.jvnet.hk2.internal.ClazzCreator.initialize(ClazzCreator.java:188)
	at org.jvnet.hk2.internal.ClazzCreator.initialize(ClazzCreator.java:200)
	at org.jvnet.hk2.internal.SystemDescriptor.internalReify(SystemDescriptor.java:649)
	at org.jvnet.hk2.internal.SystemDescriptor.reify(SystemDescriptor.java:604)
	at org.jvnet.hk2.internal.ServiceLocatorImpl.reifyDescriptor(ServiceLocatorImpl.java:405)
	at org.jvnet.hk2.internal.ServiceLocatorImpl.narrow(ServiceLocatorImpl.java:2046)
	at org.jvnet.hk2.internal.ServiceLocatorImpl.access$700(ServiceLocatorImpl.java:116)
	at org.jvnet.hk2.internal.ServiceLocatorImpl$8.compute(ServiceLocatorImpl.java:1207)
	at org.jvnet.hk2.internal.ServiceLocatorImpl$8.compute(ServiceLocatorImpl.java:1202)
	at org.glassfish.hk2.utilities.cache.LRUHybridCache$OriginThreadAwareFuture$1.call(LRUHybridCache.java:115)
	at org.glassfish.hk2.utilities.cache.LRUHybridCache$OriginThreadAwareFuture$1.call(LRUHybridCache.java:111)
	at java.util.concurrent.FutureTask.run(FutureTask.java:262)
	at org.glassfish.hk2.utilities.cache.LRUHybridCache$OriginThreadAwareFuture.run(LRUHybridCache.java:173)
	at org.glassfish.hk2.utilities.cache.LRUHybridCache.compute(LRUHybridCache.java:292)
	at org.jvnet.hk2.internal.ServiceLocatorImpl.internalGetAllServiceHandles(ServiceLocatorImpl.java:1280)
	at org.jvnet.hk2.internal.ServiceLocatorImpl.getAllServiceHandles(ServiceLocatorImpl.java:1189)
	at org.jvnet.hk2.internal.ServiceLocatorImpl.getAllServiceHandles(ServiceLocatorImpl.java:1178)
	at org.glassfish.jersey.internal.inject.Providers.getAllServiceHandles(Providers.java:314)
	at org.glassfish.jersey.internal.inject.Providers.getProviders(Providers.java:185)
	at org.glassfish.jersey.test.JerseyTest.getTestContainerFactory(JerseyTest.java:379)
	at org.glassfish.jersey.test.JerseyTest.&lt;init&gt;(JerseyTest.java:143)
	at org.narl.hrms.visual.rest.SampleRESTJerseyTest.&lt;init&gt;(SampleRESTJerseyTest.java:14)
	at sun.reflect.NativeConstructorAccessorImpl.newInstance0(Native Method)
	at sun.reflect.NativeConstructorAccessorImpl.newInstance(NativeConstructorAccessorImpl.java:57)
	at sun.reflect.DelegatingConstructorAccessorImpl.newInstance(DelegatingConstructorAccessorImpl.java:45)
	at java.lang.reflect.Constructor.newInstance(Constructor.java:526)
	at org.junit.runners.BlockJUnit4ClassRunner.createTest(BlockJUnit4ClassRunner.java:187)
	at org.junit.runners.BlockJUnit4ClassRunner$1.runReflectiveCall(BlockJUnit4ClassRunner.java:236)
	at org.junit.internal.runners.model.ReflectiveCallable.run(ReflectiveCallable.java:15)
	at org.junit.runners.BlockJUnit4ClassRunner.methodBlock(BlockJUnit4ClassRunner.java:233)
	at org.junit.runners.BlockJUnit4ClassRunner.runChild(BlockJUnit4ClassRunner.java:68)
	at org.junit.runners.BlockJUnit4ClassRunner.runChild(BlockJUnit4ClassRunner.java:47)
	at org.junit.runners.ParentRunner$3.run(ParentRunner.java:231)
	at org.junit.runners.ParentRunner$1.schedule(ParentRunner.java:60)
	at org.junit.runners.ParentRunner.runChildren(ParentRunner.java:229)
	at org.junit.runners.ParentRunner.access$000(ParentRunner.java:50)
	at org.junit.runners.ParentRunner$2.evaluate(ParentRunner.java:222)
	at org.junit.runners.ParentRunner.run(ParentRunner.java:300)
	at org.apache.maven.surefire.junit4.JUnit4Provider.execute(JUnit4Provider.java:252)
	at org.apache.maven.surefire.junit4.JUnit4Provider.executeTestSet(JUnit4Provider.java:141)
	at org.apache.maven.surefire.junit4.JUnit4Provider.invoke(JUnit4Provider.java:112)
	at sun.reflect.NativeMethodAccessorImpl.invoke0(Native Method)
	at sun.reflect.NativeMethodAccessorImpl.invoke(NativeMethodAccessorImpl.java:57)
	at sun.reflect.DelegatingMethodAccessorImpl.invoke(DelegatingMethodAccessorImpl.java:43)
	at java.lang.reflect.Method.invoke(Method.java:606)
	at org.apache.maven.surefire.util.ReflectionUtils.invokeMethodWithArray(ReflectionUtils.java:189)
	at org.apache.maven.surefire.booter.ProviderFactory$ProviderProxy.invoke(ProviderFactory.java:165)
	at org.apache.maven.surefire.booter.ProviderFactory.invokeProvider(ProviderFactory.java:85)
	at org.apache.maven.surefire.booter.ForkedBooter.runSuitesInProcess(ForkedBooter.java:115)
	at org.apache.maven.surefire.booter.ForkedBooter.main(ForkedBooter.java:75)
Caused by: java.lang.ClassNotFoundException: org.glassfish.jersey.test.DeploymentContext
	at java.net.URLClassLoader$1.run(URLClassLoader.java:366)
	at java.net.URLClassLoader$1.run(URLClassLoader.java:355)
	at java.security.AccessController.doPrivileged(Native Method)
	at java.net.URLClassLoader.findClass(URLClassLoader.java:354)
	at java.lang.ClassLoader.loadClass(ClassLoader.java:424)
	at sun.misc.Launcher$AppClassLoader.loadClass(Launcher.java:308)
	at java.lang.ClassLoader.loadClass(ClassLoader.java:357)
	... 63 more
MultiException stack 4 of 4
java.lang.IllegalArgumentException: Errors were discovered while reifying SystemDescriptor(
	implementation=org.glassfish.jersey.test.grizzly.GrizzlyWebTestContainerFactory
	contracts={org.glassfish.jersey.test.spi.TestContainerFactory}
	scope=org.glassfish.hk2.api.PerLookup
	qualifiers={}
	descriptorType=CLASS
	descriptorVisibility=NORMAL
	metadata=
	rank=0
	loader=org.glassfish.hk2.utilities.binding.AbstractBinder$2@e036122
	proxiable=null
	proxyForSameScope=null
	analysisName=null
	id=116
	locatorId=0
	identityHashCode=2145257053
	reified=false)
	at org.jvnet.hk2.internal.SystemDescriptor.reify(SystemDescriptor.java:615)
	at org.jvnet.hk2.internal.ServiceLocatorImpl.reifyDescriptor(ServiceLocatorImpl.java:405)
	at org.jvnet.hk2.internal.ServiceLocatorImpl.narrow(ServiceLocatorImpl.java:2046)
	at org.jvnet.hk2.internal.ServiceLocatorImpl.access$700(ServiceLocatorImpl.java:116)
	at org.jvnet.hk2.internal.ServiceLocatorImpl$8.compute(ServiceLocatorImpl.java:1207)
	at org.jvnet.hk2.internal.ServiceLocatorImpl$8.compute(ServiceLocatorImpl.java:1202)
	at org.glassfish.hk2.utilities.cache.LRUHybridCache$OriginThreadAwareFuture$1.call(LRUHybridCache.java:115)
	at org.glassfish.hk2.utilities.cache.LRUHybridCache$OriginThreadAwareFuture$1.call(LRUHybridCache.java:111)
	at java.util.concurrent.FutureTask.run(FutureTask.java:262)
	at org.glassfish.hk2.utilities.cache.LRUHybridCache$OriginThreadAwareFuture.run(LRUHybridCache.java:173)
	at org.glassfish.hk2.utilities.cache.LRUHybridCache.compute(LRUHybridCache.java:292)
	at org.jvnet.hk2.internal.ServiceLocatorImpl.internalGetAllServiceHandles(ServiceLocatorImpl.java:1280)
	at org.jvnet.hk2.internal.ServiceLocatorImpl.getAllServiceHandles(ServiceLocatorImpl.java:1189)
	at org.jvnet.hk2.internal.ServiceLocatorImpl.getAllServiceHandles(ServiceLocatorImpl.java:1178)
	at org.glassfish.jersey.internal.inject.Providers.getAllServiceHandles(Providers.java:314)
	at org.glassfish.jersey.internal.inject.Providers.getProviders(Providers.java:185)
	at org.glassfish.jersey.test.JerseyTest.getTestContainerFactory(JerseyTest.java:379)
	at org.glassfish.jersey.test.JerseyTest.&lt;init&gt;(JerseyTest.java:143)
	at org.narl.hrms.visual.rest.SampleRESTJerseyTest.&lt;init&gt;(SampleRESTJerseyTest.java:14)
	at sun.reflect.NativeConstructorAccessorImpl.newInstance0(Native Method)
	at sun.reflect.NativeConstructorAccessorImpl.newInstance(NativeConstructorAccessorImpl.java:57)
	at sun.reflect.DelegatingConstructorAccessorImpl.newInstance(DelegatingConstructorAccessorImpl.java:45)
	at java.lang.reflect.Constructor.newInstance(Constructor.java:526)
	at org.junit.runners.BlockJUnit4ClassRunner.createTest(BlockJUnit4ClassRunner.java:187)
	at org.junit.runners.BlockJUnit4ClassRunner$1.runReflectiveCall(BlockJUnit4ClassRunner.java:236)
	at org.junit.internal.runners.model.ReflectiveCallable.run(ReflectiveCallable.java:15)
	at org.junit.runners.BlockJUnit4ClassRunner.methodBlock(BlockJUnit4ClassRunner.java:233)
	at org.junit.runners.BlockJUnit4ClassRunner.runChild(BlockJUnit4ClassRunner.java:68)
	at org.junit.runners.BlockJUnit4ClassRunner.runChild(BlockJUnit4ClassRunner.java:47)
	at org.junit.runners.ParentRunner$3.run(ParentRunner.java:231)
	at org.junit.runners.ParentRunner$1.schedule(ParentRunner.java:60)
	at org.junit.runners.ParentRunner.runChildren(ParentRunner.java:229)
	at org.junit.runners.ParentRunner.access$000(ParentRunner.java:50)
	at org.junit.runners.ParentRunner$2.evaluate(ParentRunner.java:222)
	at org.junit.runners.ParentRunner.run(ParentRunner.java:300)
	at org.apache.maven.surefire.junit4.JUnit4Provider.execute(JUnit4Provider.java:252)
	at org.apache.maven.surefire.junit4.JUnit4Provider.executeTestSet(JUnit4Provider.java:141)
	at org.apache.maven.surefire.junit4.JUnit4Provider.invoke(JUnit4Provider.java:112)
	at sun.reflect.NativeMethodAccessorImpl.invoke0(Native Method)
	at sun.reflect.NativeMethodAccessorImpl.invoke(NativeMethodAccessorImpl.java:57)
	at sun.reflect.DelegatingMethodAccessorImpl.invoke(DelegatingMethodAccessorImpl.java:43)
	at java.lang.reflect.Method.invoke(Method.java:606)
	at org.apache.maven.surefire.util.ReflectionUtils.invokeMethodWithArray(ReflectionUtils.java:189)
	at org.apache.maven.surefire.booter.ProviderFactory$ProviderProxy.invoke(ProviderFactory.java:165)
	at org.apache.maven.surefire.booter.ProviderFactory.invokeProvider(ProviderFactory.java:85)
[...]
	at org.apache.maven.surefire.booter.ProviderFactory.invokeProvider(ProviderFactory.java:85)
	at org.apache.maven.surefire.booter.ForkedBooter.runSuitesInProcess(ForkedBooter.java:115)
	at org.apache.maven.surefire.booter.ForkedBooter.main(ForkedBooter.java:75)
Caused by: java.lang.ClassNotFoundException: org.glassfish.jersey.test.DeploymentContext
	at java.net.URLClassLoader$1.run(URLClassLoader.java:366)
	at java.net.URLClassLoader$1.run(URLClassLoader.java:355)
	at java.security.AccessController.doPrivileged(Native Method)
	at java.net.URLClassLoader.findClass(URLClassLoader.java:354)
	at java.lang.ClassLoader.loadClass(ClassLoader.java:424)
	at sun.misc.Launcher$AppClassLoader.loadClass(Launcher.java:308)
	at java.lang.ClassLoader.loadClass(ClassLoader.java:357)
	... 63 more
MultiException stack 2 of 4
java.lang.NoClassDefFoundError: org/glassfish/jersey/test/DeploymentContext
	at java.lang.Class.getDeclaredMethods0(Native Method)
	at java.lang.Class.privateGetDeclaredMethods(Class.java:2521)
	at java.lang.Class.getDeclaredMethods(Class.java:1845)
	at org.jvnet.hk2.internal.Utilities$5.run(Utilities.java:414)
	at org.jvnet.hk2.internal.Utilities$5.run(Utilities.java:410)
	at java.security.AccessController.doPrivileged(Native Method)
	at org.jvnet.hk2.internal.Utilities.getDeclaredMethods(Utilities.java:410)
	at org.jvnet.hk2.internal.Utilities.getAllMethodKeys(Utilities.java:1396)
	at org.jvnet.hk2.internal.Utilities.getAllMethods(Utilities.java:1340)
	at org.jvnet.hk2.internal.Utilities.findPostConstruct(Utilities.java:2150)
	at org.jvnet.hk2.internal.DefaultClassAnalyzer.getPostConstructMethod(DefaultClassAnalyzer.java:125)
	at org.glassfish.jersey.internal.inject.JerseyClassAnalyzer.getPostConstructMethod(JerseyClassAnalyzer.java:249)
	at org.jvnet.hk2.internal.Utilities.getPostConstruct(Utilities.java:304)
	at org.jvnet.hk2.internal.ClazzCreator.initialize(ClazzCreator.java:187)
	at org.jvnet.hk2.internal.ClazzCreator.initialize(ClazzCreator.java:200)
	at org.jvnet.hk2.internal.SystemDescriptor.internalReify(SystemDescriptor.java:649)
	at org.jvnet.hk2.internal.SystemDescriptor.reify(SystemDescriptor.java:604)
	at org.jvnet.hk2.internal.ServiceLocatorImpl.reifyDescriptor(ServiceLocatorImpl.java:405)
	at org.jvnet.hk2.internal.ServiceLocatorImpl.narrow(ServiceLocatorImpl.java:2046)
	at org.jvnet.hk2.internal.ServiceLocatorImpl.access$700(ServiceLocatorImpl.java:116)
	at org.jvnet.hk2.internal.ServiceLocatorImpl$8.compute(ServiceLocatorImpl.java:1207)
	at org.jvnet.hk2.internal.ServiceLocatorImpl$8.compute(ServiceLocatorImpl.java:1202)
	at org.glassfish.hk2.utilities.cache.LRUHybridCache$OriginThreadAwareFuture$1.call(LRUHybridCache.java:115)
	at org.glassfish.hk2.utilities.cache.LRUHybridCache$OriginThreadAwareFuture$1.call(LRUHybridCache.java:111)
	at java.util.concurrent.FutureTask.run(FutureTask.java:262)
	at org.glassfish.hk2.utilities.cache.LRUHybridCache$OriginThreadAwareFuture.run(LRUHybridCache.java:173)
	at org.glassfish.hk2.utilities.cache.LRUHybridCache.compute(LRUHybridCache.java:292)
	at org.jvnet.hk2.internal.ServiceLocatorImpl.internalGetAllServiceHandles(ServiceLocatorImpl.java:1280)
	at org.jvnet.hk2.internal.ServiceLocatorImpl.getAllServiceHandles(ServiceLocatorImpl.java:1189)
	at org.jvnet.hk2.internal.ServiceLocatorImpl.getAllServiceHandles(ServiceLocatorImpl.java:1178)
	at org.glassfish.jersey.internal.inject.Providers.getAllServiceHandles(Providers.java:314)
	at org.glassfish.jersey.internal.inject.Providers.getProviders(Providers.java:185)
	at org.glassfish.jersey.test.JerseyTest.getTestContainerFactory(JerseyTest.java:379)
	at org.glassfish.jersey.test.JerseyTest.&lt;init&gt;(JerseyTest.java:143)
	at org.narl.hrms.visual.rest.SampleRESTJerseyTest.&lt;init&gt;(SampleRESTJerseyTest.java:14)
	at sun.reflect.NativeConstructorAccessorImpl.newInstance0(Native Method)
	at sun.reflect.NativeConstructorAccessorImpl.newInstance(NativeConstructorAccessorImpl.java:57)
	at sun.reflect.DelegatingConstructorAccessorImpl.newInstance(DelegatingConstructorAccessorImpl.java:45)
	at java.lang.reflect.Constructor.newInstance(Constructor.java:526)
	at org.junit.runners.BlockJUnit4ClassRunner.createTest(BlockJUnit4ClassRunner.java:187)
	at org.junit.runners.BlockJUnit4ClassRunner$1.runReflectiveCall(BlockJUnit4ClassRunner.java:236)
	at org.junit.internal.runners.model.ReflectiveCallable.run(ReflectiveCallable.java:15)
	at org.junit.runners.BlockJUnit4ClassRunner.methodBlock(BlockJUnit4ClassRunner.java:233)
	at org.junit.runners.BlockJUnit4ClassRunner.runChild(BlockJUnit4ClassRunner.java:68)
	at org.junit.runners.BlockJUnit4ClassRunner.runChild(BlockJUnit4ClassRunner.java:47)
	at org.junit.runners.ParentRunner$3.run(ParentRunner.java:231)
	at org.junit.runners.ParentRunner$1.schedule(ParentRunner.java:60)
	at org.junit.runners.ParentRunner.runChildren(ParentRunner.java:229)
	at org.junit.runners.ParentRunner.access$000(ParentRunner.java:50)
	at org.junit.runners.ParentRunner$2.evaluate(ParentRunner.java:222)
	at org.junit.runners.ParentRunner.run(ParentRunner.java:300)
	at org.apache.maven.surefire.junit4.JUnit4Provider.execute(JUnit4Provider.java:252)
	at org.apache.maven.surefire.junit4.JUnit4Provider.executeTestSet(JUnit4Provider.java:141)
	at org.apache.maven.surefire.junit4.JUnit4Provider.invoke(JUnit4Provider.java:112)
	at sun.reflect.NativeMethodAccessorImpl.invoke0(Native Method)
	at sun.reflect.NativeMethodAccessorImpl.invoke(NativeMethodAccessorImpl.java:57)
	at sun.reflect.DelegatingMethodAccessorImpl.invoke(DelegatingMethodAccessorImpl.java:43)
	at java.lang.reflect.Method.invoke(Method.java:606)
	at org.apache.maven.surefire.util.ReflectionUtils.invokeMethodWithArray(ReflectionUtils.java:189)
	at org.apache.maven.surefire.booter.ProviderFactory$ProviderProxy.invoke(ProviderFactory.java:165)
	at org.apache.maven.surefire.booter.ProviderFactory.invokeProvider(ProviderFactory.java:85)
	at org.apache.maven.surefire.booter.ForkedBooter.runSuitesInProcess(ForkedBooter.java:115)
	at org.apache.maven.surefire.booter.ForkedBooter.main(ForkedBooter.java:75)
Caused by: java.lang.ClassNotFoundException: org.glassfish.jersey.test.DeploymentContext
	at java.net.URLClassLoader$1.run(URLClassLoader.java:366)
	at java.net.URLClassLoader$1.run(URLClassLoader.java:355)
	at java.security.AccessController.doPrivileged(Native Method)
	at java.net.URLClassLoader.findClass(URLClassLoader.java:354)
	at java.lang.ClassLoader.loadClass(ClassLoader.java:424)
	at sun.misc.Launcher$AppClassLoader.loadClass(Launcher.java:308)
	at java.lang.ClassLoader.loadClass(ClassLoader.java:357)
	... 63 more
MultiException stack 3 of 4
java.lang.NoClassDefFoundError: org/glassfish/jersey/test/DeploymentContext
	at java.lang.Class.getDeclaredMethods0(Native Method)
	at java.lang.Class.privateGetDeclaredMethods(Class.java:2521)
	at java.lang.Class.getDeclaredMethods(Class.java:1845)
	at org.jvnet.hk2.internal.Utilities$5.run(Utilities.java:414)
	at org.jvnet.hk2.internal.Utilities$5.run(Utilities.java:410)
	at java.security.AccessController.doPrivileged(Native Method)
	at org.jvnet.hk2.internal.Utilities.getDeclaredMethods(Utilities.java:410)
	at org.jvnet.hk2.internal.Utilities.getAllMethodKeys(Utilities.java:1396)
	at org.jvnet.hk2.internal.Utilities.getAllMethods(Utilities.java:1340)
	at org.jvnet.hk2.internal.Utilities.findPreDestroy(Utilities.java:2195)
	at org.jvnet.hk2.internal.DefaultClassAnalyzer.getPreDestroyMethod(DefaultClassAnalyzer.java:136)
	at org.glassfish.jersey.internal.inject.JerseyClassAnalyzer.getPreDestroyMethod(JerseyClassAnalyzer.java:254)
	at org.jvnet.hk2.internal.Utilities.getPreDestroy(Utilities.java:326)
	at org.jvnet.hk2.internal.ClazzCreator.initialize(ClazzCreator.java:188)
	at org.jvnet.hk2.internal.ClazzCreator.initialize(ClazzCreator.java:200)
	at org.jvnet.hk2.internal.SystemDescriptor.internalReify(SystemDescriptor.java:649)
	at org.jvnet.hk2.internal.SystemDescriptor.reify(SystemDescriptor.java:604)
	at org.jvnet.hk2.internal.ServiceLocatorImpl.reifyDescriptor(ServiceLocatorImpl.java:405)
	at org.jvnet.hk2.internal.ServiceLocatorImpl.narrow(ServiceLocatorImpl.java:2046)
	at org.jvnet.hk2.internal.ServiceLocatorImpl.access$700(ServiceLocatorImpl.java:116)
	at org.jvnet.hk2.internal.ServiceLocatorImpl$8.compute(ServiceLocatorImpl.java:1207)
	at org.jvnet.hk2.internal.ServiceLocatorImpl$8.compute(ServiceLocatorImpl.java:1202)
	at org.glassfish.hk2.utilities.cache.LRUHybridCache$OriginThreadAwareFuture$1.call(LRUHybridCache.java:115)
	at org.glassfish.hk2.utilities.cache.LRUHybridCache$OriginThreadAwareFuture$1.call(LRUHybridCache.java:111)
	at java.util.concurrent.FutureTask.run(FutureTask.java:262)
	at org.glassfish.hk2.utilities.cache.LRUHybridCache$OriginThreadAwareFuture.run(LRUHybridCache.java:173)
	at org.glassfish.hk2.utilities.cache.LRUHybridCache.compute(LRUHybridCache.java:292)
	at org.jvnet.hk2.internal.ServiceLocatorImpl.internalGetAllServiceHandles(ServiceLocatorImpl.java:1280)
	at org.jvnet.hk2.internal.ServiceLocatorImpl.getAllServiceHandles(ServiceLocatorImpl.java:1189)
	at org.jvnet.hk2.internal.ServiceLocatorImpl.getAllServiceHandles(ServiceLocatorImpl.java:1178)
	at org.glassfish.jersey.internal.inject.Providers.getAllServiceHandles(Providers.java:314)
	at org.glassfish.jersey.internal.inject.Providers.getProviders(Providers.java:185)
	at org.glassfish.jersey.test.JerseyTest.getTestContainerFactory(JerseyTest.java:379)
	at org.glassfish.jersey.test.JerseyTest.&lt;init&gt;(JerseyTest.java:143)
	at org.narl.hrms.visual.rest.SampleRESTJerseyTest.&lt;init&gt;(SampleRESTJerseyTest.java:14)
	at sun.reflect.NativeConstructorAccessorImpl.newInstance0(Native Method)
	at sun.reflect.NativeConstructorAccessorImpl.newInstance(NativeConstructorAccessorImpl.java:57)
	at sun.reflect.DelegatingConstructorAccessorImpl.newInstance(DelegatingConstructorAccessorImpl.java:45)
	at java.lang.reflect.Constructor.newInstance(Constructor.java:526)
	at org.junit.runners.BlockJUnit4ClassRunner.createTest(BlockJUnit4ClassRunner.java:187)
	at org.junit.runners.BlockJUnit4ClassRunner$1.runReflectiveCall(BlockJUnit4ClassRunner.java:236)
	at org.junit.internal.runners.model.ReflectiveCallable.run(ReflectiveCallable.java:15)
	at org.junit.runners.BlockJUnit4ClassRunner.methodBlock(BlockJUnit4ClassRunner.java:233)
	at org.junit.runners.BlockJUnit4ClassRunner.runChild(BlockJUnit4ClassRunner.java:68)
	at org.junit.runners.BlockJUnit4ClassRunner.runChild(BlockJUnit4ClassRunner.java:47)
	at org.junit.runners.ParentRunner$3.run(ParentRunner.java:231)
	at org.junit.runners.ParentRunner$1.schedule(ParentRunner.java:60)
	at org.junit.runners.ParentRunner.runChildren(ParentRunner.java:229)
	at org.junit.runners.ParentRunner.access$000(ParentRunner.java:50)
	at org.junit.runners.ParentRunner$2.evaluate(ParentRunner.java:222)
	at org.junit.runners.ParentRunner.run(ParentRunner.java:300)
	at org.apache.maven.surefire.junit4.JUnit4Provider.execute(JUnit4Provider.java:252)
	at org.apache.maven.surefire.junit4.JUnit4Provider.executeTestSet(JUnit4Provider.java:141)
	at org.apache.maven.surefire.junit4.JUnit4Provider.invoke(JUnit4Provider.java:112)
	at sun.reflect.NativeMethodAccessorImpl.invoke0(Native Method)
	at sun.reflect.NativeMethodAccessorImpl.invoke(NativeMethodAccessorImpl.java:57)
	at sun.reflect.DelegatingMethodAccessorImpl.invoke(DelegatingMethodAccessorImpl.java:43)
	at java.lang.reflect.Method.invoke(Method.java:606)
	at org.apache.maven.surefire.util.ReflectionUtils.invokeMethodWithArray(ReflectionUtils.java:189)
	at org.apache.maven.surefire.booter.ProviderFactory$ProviderProxy.invoke(ProviderFactory.java:165)
	at org.apache.maven.surefire.booter.ProviderFactory.invokeProvider(ProviderFactory.java:85)
	at org.apache.maven.surefire.booter.ForkedBooter.runSuitesInProcess(ForkedBooter.java:115)
	at org.apache.maven.surefire.booter.ForkedBooter.main(ForkedBooter.java:75)
Caused by: java.lang.ClassNotFoundException: org.glassfish.jersey.test.DeploymentContext
	at java.net.URLClassLoader$1.run(URLClassLoader.java:366)
	at java.net.URLClassLoader$1.run(URLClassLoader.java:355)
	at java.security.AccessController.doPrivileged(Native Method)
	at java.net.URLClassLoader.findClass(URLClassLoader.java:354)
	at java.lang.ClassLoader.loadClass(ClassLoader.java:424)
	at sun.misc.Launcher$AppClassLoader.loadClass(Launcher.java:308)
	at java.lang.ClassLoader.loadClass(ClassLoader.java:357)
	... 63 more
MultiException stack 4 of 4
java.lang.IllegalArgumentException: Errors were discovered while reifying SystemDescriptor(
	implementation=org.glassfish.jersey.test.grizzly.GrizzlyTestContainerFactory
	contracts={org.glassfish.jersey.test.spi.TestContainerFactory}
	scope=org.glassfish.hk2.api.PerLookup
	qualifiers={}
	descriptorType=CLASS
	descriptorVisibility=NORMAL
	metadata=
	rank=0
	loader=org.glassfish.hk2.utilities.binding.AbstractBinder$2@e036122
	proxiable=null
	proxyForSameScope=null
	analysisName=null
	id=117
	locatorId=0
	identityHashCode=1235390528
	reified=false)
	at org.jvnet.hk2.internal.SystemDescriptor.reify(SystemDescriptor.java:615)
	at org.jvnet.hk2.internal.ServiceLocatorImpl.reifyDescriptor(ServiceLocatorImpl.java:405)
	at org.jvnet.hk2.internal.ServiceLocatorImpl.narrow(ServiceLocatorImpl.java:2046)
	at org.jvnet.hk2.internal.ServiceLocatorImpl.access$700(ServiceLocatorImpl.java:116)
	at org.jvnet.hk2.internal.ServiceLocatorImpl$8.compute(ServiceLocatorImpl.java:1207)
	at org.jvnet.hk2.internal.ServiceLocatorImpl$8.compute(ServiceLocatorImpl.java:1202)
	at org.glassfish.hk2.utilities.cache.LRUHybridCache$OriginThreadAwareFuture$1.call(LRUHybridCache.java:115)
	at org.glassfish.hk2.utilities.cache.LRUHybridCache$OriginThreadAwareFuture$1.call(LRUHybridCache.java:111)
	at java.util.concurrent.FutureTask.run(FutureTask.java:262)
	at org.glassfish.hk2.utilities.cache.LRUHybridCache$OriginThreadAwareFuture.run(LRUHybridCache.java:173)
	at org.glassfish.hk2.utilities.cache.LRUHybridCache.compute(LRUHybridCache.java:292)
	at org.jvnet.hk2.internal.ServiceLocatorImpl.internalGetAllServiceHandles(ServiceLocatorImpl.java:1280)
	at org.jvnet.hk2.internal.ServiceLocatorImpl.getAllServiceHandles(ServiceLocatorImpl.java:1189)
	at org.jvnet.hk2.internal.ServiceLocatorImpl.getAllServiceHandles(ServiceLocatorImpl.java:1178)
	at org.glassfish.jersey.internal.inject.Providers.getAllServiceHandles(Providers.java:314)
	at org.glassfish.jersey.internal.inject.Providers.getProviders(Providers.java:185)
	at org.glassfish.jersey.test.JerseyTest.getTestContainerFactory(JerseyTest.java:379)
	at org.glassfish.jersey.test.JerseyTest.&lt;init&gt;(JerseyTest.java:143)
	at org.narl.hrms.visual.rest.SampleRESTJerseyTest.&lt;init&gt;(SampleRESTJerseyTest.java:14)
	at sun.reflect.NativeConstructorAccessorImpl.newInstance0(Native Method)
	at sun.reflect.NativeConstructorAccessorImpl.newInstance(NativeConstructorAccessorImpl.java:57)
	at sun.reflect.DelegatingConstructorAccessorImpl.newInstance(DelegatingConstructorAccessorImpl.java:45)
	at java.lang.reflect.Constructor.newInstance(Constructor.java:526)
	at org.junit.runners.BlockJUnit4ClassRunner.createTest(BlockJUnit4ClassRunner.java:187)
	at org.junit.runners.BlockJUnit4ClassRunner$1.runReflectiveCall(BlockJUnit4ClassRunner.java:236)
	at org.junit.internal.runners.model.ReflectiveCallable.run(ReflectiveCallable.java:15)
	at org.junit.runners.BlockJUnit4ClassRunner.methodBlock(BlockJUnit4ClassRunner.java:233)
	at org.junit.runners.BlockJUnit4ClassRunner.runChild(BlockJUnit4ClassRunner.java:68)
	at org.junit.runners.BlockJUnit4ClassRunner.runChild(BlockJUnit4ClassRunner.java:47)
	at org.junit.runners.ParentRunner$3.run(ParentRunner.java:231)
	at org.junit.runners.ParentRunner$1.schedule(ParentRunner.java:60)
	at org.junit.runners.ParentRunner.runChildren(ParentRunner.java:229)
	at org.junit.runners.ParentRunner.access$000(ParentRunner.java:50)
	at org.junit.runners.ParentRunner$2.evaluate(ParentRunner.java:222)
	at org.junit.runners.ParentRunner.run(ParentRunner.java:300)
	at org.apache.maven.surefire.junit4.JUnit4Provider.execute(JUnit4Provider.java:252)
	at org.apache.maven.surefire.junit4.JUnit4Provider.executeTestSet(JUnit4Provider.java:141)
	at org.apache.maven.surefire.junit4.JUnit4Provider.invoke(JUnit4Provider.java:112)
	at sun.reflect.NativeMethodAccessorImpl.invoke0(Native Method)
	at sun.reflect.NativeMethodAccessorImpl.invoke(NativeMethodAccessorImpl.java:57)
	at sun.reflect.DelegatingMethodAccessorImpl.invoke(DelegatingMethodAccessorImpl.java:43)
	at java.lang.reflect.Method.invoke(Method.java:606)
	at org.apache.maven.surefire.util.ReflectionUtils.invokeMethodWithArray(ReflectionUtils.java:189)
	at org.apache.maven.surefire.booter.ProviderFactory$ProviderProxy.invoke(ProviderFactory.java:165)
	at org.apache.maven.surefire.booter.ProviderFactory.invokeProvider(ProviderFactory.java:85)
	at org.apache.maven.surefire.booter.ForkedBooter.runSuitesInProcess(ForkedBooter.java:115)
	at org.apache.maven.surefire.booter.ForkedBooter.main(ForkedBooter.java:75)


三月 15, 2016 5:26:55 下午 org.glassfish.jersey.test.jetty.JettyTestContainerFactory$JettyTestContainer start
資訊: Starting JettyTestContainer...
三月 15, 2016 5:26:55 下午 org.glassfish.jersey.test.jetty.JettyTestContainerFactory$JettyTestContainer stop
資訊: Stopping JettyTestContainer...
三月 15, 2016 5:26:55 下午 org.glassfish.jersey.test.jetty.JettyTestContainerFactory$JettyTestContainer stop
資訊: Error Stopping JettyTestContainer...
java.lang.NullPointerException
	at org.glassfish.jersey.test.jetty.JettyTestContainerFactory$JettyTestContainer.stop(JettyTestContainerFactory.java:104)
	at org.glassfish.jersey.test.JerseyTest.tearDown(JerseyTest.java:505)
	at sun.reflect.NativeMethodAccessorImpl.invoke0(Native Method)
	at sun.reflect.NativeMethodAccessorImpl.invoke(NativeMethodAccessorImpl.java:57)
	at sun.reflect.DelegatingMethodAccessorImpl.invoke(DelegatingMethodAccessorImpl.java:43)
	at java.lang.reflect.Method.invoke(Method.java:606)
	at org.junit.runners.model.FrameworkMethod$1.runReflectiveCall(FrameworkMethod.java:45)
	at org.junit.internal.runners.model.ReflectiveCallable.run(ReflectiveCallable.java:15)
	at org.junit.runners.model.FrameworkMethod.invokeExplosively(FrameworkMethod.java:42)
	at org.junit.internal.runners.statements.RunAfters.evaluate(RunAfters.java:36)
	at org.junit.runners.ParentRunner.runLeaf(ParentRunner.java:263)
	at org.junit.runners.BlockJUnit4ClassRunner.runChild(BlockJUnit4ClassRunner.java:68)
	at org.junit.runners.BlockJUnit4ClassRunner.runChild(BlockJUnit4ClassRunner.java:47)
	at org.junit.runners.ParentRunner$3.run(ParentRunner.java:231)
	at org.junit.runners.ParentRunner$1.schedule(ParentRunner.java:60)
	at org.junit.runners.ParentRunner.runChildren(ParentRunner.java:229)
	at org.junit.runners.ParentRunner.access$000(ParentRunner.java:50)
	at org.junit.runners.ParentRunner$2.evaluate(ParentRunner.java:222)
	at org.junit.runners.ParentRunner.run(ParentRunner.java:300)
	at org.apache.maven.surefire.junit4.JUnit4Provider.execute(JUnit4Provider.java:252)
	at org.apache.maven.surefire.junit4.JUnit4Provider.executeTestSet(JUnit4Provider.java:141)
	at org.apache.maven.surefire.junit4.JUnit4Provider.invoke(JUnit4Provider.java:112)
	at sun.reflect.NativeMethodAccessorImpl.invoke0(Native Method)
	at sun.reflect.NativeMethodAccessorImpl.invoke(NativeMethodAccessorImpl.java:57)
	at sun.reflect.DelegatingMethodAccessorImpl.invoke(DelegatingMethodAccessorImpl.java:43)
	at java.lang.reflect.Method.invoke(Method.java:606)
	at org.apache.maven.surefire.util.ReflectionUtils.invokeMethodWithArray(ReflectionUtils.java:189)
	at org.apache.maven.surefire.booter.ProviderFactory$ProviderProxy.invoke(ProviderFactory.java:165)
	at org.apache.maven.surefire.booter.ProviderFactory.invokeProvider(ProviderFactory.java:85)
	at org.apache.maven.surefire.booter.ForkedBooter.runSuitesInProcess(ForkedBooter.java:115)
	at org.apache.maven.surefire.booter.ForkedBooter.main(ForkedBooter.java:75)

</system-err>
  </testcase>
</testsuite>